# JRE version: OpenJDK Runtime Environment Temurin-17.0.7+7 (17.0.7+7) (build 17.0.7+7)
# Java VM: OpenJDK 64-Bit Server VM Temurin-17.0.7+7 (17.0.7+7, mixed mode, tiered, compressed oops, compressed class ptrs, g1 gc, windows-amd64)
GC Precious Log:
 CPUs: 4 total, 4 available
 Memory: 8090M
 Large Page Support: Disabled
 NUMA Support: Disabled
 Compressed Oops: Enabled (32-bit)
 Heap Region Size: 1M
 Heap Min Capacity: 8M
 Heap Initial Capacity: 128M
 Heap Max Capacity: 2G
 Pre-touch: Disabled
 Parallel Workers: 4
 Concurrent Workers: 1
 Concurrent Refinement Workers: 4
 Periodic GC: Disabled
Heap:
 garbage-first heap   total 95232K, used 32609K [0x0000000080000000, 0x0000000100000000)
  region size 1024K, 5 young (5120K), 4 survivors (4096K)
 Metaspace       used 35627K, committed 36224K, reserved 1114112K
  class space    used 3806K, committed 4096K, reserved 1048576K
GC Heap History (20 events):
Event: 2.950 GC heap before
{Heap before GC invocations=2 (full 0):
 garbage-first heap   total 131072K, used 30633K [0x0000000080000000, 0x0000000100000000)
  region size 1024K, 17 young (17408K), 2 survivors (2048K)
 Metaspace       used 10577K, committed 10752K, reserved 1114112K
  class space    used 901K, committed 960K, reserved 1048576K
}
Event: 2.955 GC heap after
{Heap after GC invocations=3 (full 0):
 garbage-first heap   total 131072K, used 16415K [0x0000000080000000, 0x0000000100000000)
  region size 1024K, 2 young (2048K), 2 survivors (2048K)
 Metaspace       used 10577K, committed 10752K, reserved 1114112K
  class space    used 901K, committed 960K, reserved 1048576K
}
Event: 6.258 GC heap before
{Heap before GC invocations=3 (full 0):
 garbage-first heap   total 131072K, used 91167K [0x0000000080000000, 0x0000000100000000)
  region size 1024K, 75 young (76800K), 2 survivors (2048K)
 Metaspace       used 20348K, committed 20608K, reserved 1114112K
  class space    used 2081K, committed 2240K, reserved 1048576K
}
Event: 6.273 GC heap after
{Heap after GC invocations=4 (full 0):
 garbage-first heap   total 131072K, used 21774K [0x0000000080000000, 0x0000000100000000)
  region size 1024K, 7 young (7168K), 7 survivors (7168K)
 Metaspace       used 20348K, committed 20608K, reserved 1114112K
  class space    used 2081K, committed 2240K, reserved 1048576K
}
Event: 6.936 GC heap before
{Heap before GC invocations=4 (full 0):
 garbage-first heap   total 131072K, used 59662K [0x0000000080000000, 0x0000000100000000)
  region size 1024K, 45 young (46080K), 7 survivors (7168K)
 Metaspace       used 21277K, committed 21504K, reserved 1114112K
  class space    used 2169K, committed 2304K, reserved 1048576K
}
Event: 6.950 GC heap after
{Heap after GC invocations=5 (full 0):
 garbage-first heap   total 131072K, used 22139K [0x0000000080000000, 0x0000000100000000)
  region size 1024K, 1 young (1024K), 1 survivors (1024K)
 Metaspace       used 21277K, committed 21504K, reserved 1114112K
  class space    used 2169K, committed 2304K, reserved 1048576K
}
Event: 9.537 GC heap before
{Heap before GC invocations=6 (full 0):
 garbage-first heap   total 78848K, used 68219K [0x0000000080000000, 0x0000000100000000)
  region size 1024K, 46 young (47104K), 1 survivors (1024K)
 Metaspace       used 28750K, committed 29120K, reserved 1114112K
  class space    used 3028K, committed 3200K, reserved 1048576K
}
Event: 9.554 GC heap after
{Heap after GC invocations=7 (full 0):
 garbage-first heap   total 78848K, used 25413K [0x0000000080000000, 0x0000000100000000)
  region size 1024K, 5 young (5120K), 5 survivors (5120K)
 Metaspace       used 28750K, committed 29120K, reserved 1114112K
  class space    used 3028K, committed 3200K, reserved 1048576K
}
Event: 10.065 GC heap before
{Heap before GC invocations=7 (full 0):
 garbage-first heap   total 78848K, used 59205K [0x0000000080000000, 0x0000000100000000)
  region size 1024K, 36 young (36864K), 5 survivors (5120K)
 Metaspace       used 29962K, committed 30336K, reserved 1114112K
  class space    used 3111K, committed 3264K, reserved 1048576K
}
Event: 10.077 GC heap after
{Heap after GC invocations=8 (full 0):
 garbage-first heap   total 78848K, used 26043K [0x0000000080000000, 0x0000000100000000)
  region size 1024K, 1 young (1024K), 1 survivors (1024K)
 Metaspace       used 29962K, committed 30336K, reserved 1114112K
  class space    used 3111K, committed 3264K, reserved 1048576K
}
Event: 10.824 GC heap before
{Heap before GC invocations=8 (full 0):
 garbage-first heap   total 78848K, used 58811K [0x0000000080000000, 0x0000000100000000)
  region size 1024K, 33 young (33792K), 1 survivors (1024K)
 Metaspace       used 31190K, committed 31616K, reserved 1114112K
  class space    used 3264K, committed 3456K, reserved 1048576K
}
Event: 10.829 GC heap after
{Heap after GC invocations=9 (full 0):
 garbage-first heap   total 78848K, used 26364K [0x0000000080000000, 0x0000000100000000)
  region size 1024K, 1 young (1024K), 1 survivors (1024K)
 Metaspace       used 31190K, committed 31616K, reserved 1114112K
  class space    used 3264K, committed 3456K, reserved 1048576K
}
Event: 11.708 GC heap before
{Heap before GC invocations=9 (full 0):
 garbage-first heap   total 78848K, used 60156K [0x0000000080000000, 0x0000000100000000)
  region size 1024K, 34 young (34816K), 1 survivors (1024K)
 Metaspace       used 32080K, committed 32512K, reserved 1114112K
  class space    used 3347K, committed 3584K, reserved 1048576K
}
Event: 11.717 GC heap after
{Heap after GC invocations=10 (full 0):
 garbage-first heap   total 78848K, used 27623K [0x0000000080000000, 0x0000000100000000)
  region size 1024K, 3 young (3072K), 3 survivors (3072K)
 Metaspace       used 32080K, committed 32512K, reserved 1114112K
  class space    used 3347K, committed 3584K, reserved 1048576K
}
Event: 12.797 GC heap before
{Heap before GC invocations=10 (full 0):
 garbage-first heap   total 78848K, used 60391K [0x0000000080000000, 0x0000000100000000)
  region size 1024K, 35 young (35840K), 3 survivors (3072K)
 Metaspace       used 32509K, committed 32960K, reserved 1114112K
  class space    used 3380K, committed 3584K, reserved 1048576K
}
Event: 12.808 GC heap after
{Heap after GC invocations=11 (full 0):
 garbage-first heap   total 78848K, used 28625K [0x0000000080000000, 0x0000000100000000)
  region size 1024K, 4 young (4096K), 4 survivors (4096K)
 Metaspace       used 32509K, committed 32960K, reserved 1114112K
  class space    used 3380K, committed 3584K, reserved 1048576K
}
Event: 13.472 GC heap before
{Heap before GC invocations=11 (full 0):
 garbage-first heap   total 78848K, used 61393K [0x0000000080000000, 0x0000000100000000)
  region size 1024K, 36 young (36864K), 4 survivors (4096K)
 Metaspace       used 32992K, committed 33472K, reserved 1114112K
  class space    used 3429K, committed 3648K, reserved 1048576K
}
Event: 13.488 GC heap after
{Heap after GC invocations=12 (full 0):
 garbage-first heap   total 95232K, used 30997K [0x0000000080000000, 0x0000000100000000)
  region size 1024K, 5 young (5120K), 5 survivors (5120K)
 Metaspace       used 32992K, committed 33472K, reserved 1114112K
  class space    used 3429K, committed 3648K, reserved 1048576K
}
Event: 20.408 GC heap before
{Heap before GC invocations=12 (full 0):
 garbage-first heap   total 95232K, used 60693K [0x0000000080000000, 0x0000000100000000)
  region size 1024K, 35 young (35840K), 5 survivors (5120K)
 Metaspace       used 35458K, committed 35968K, reserved 1114112K
  class space    used 3790K, committed 4032K, reserved 1048576K
}
Event: 20.418 GC heap after
{Heap after GC invocations=13 (full 0):
 garbage-first heap   total 95232K, used 32609K [0x0000000080000000, 0x0000000100000000)
  region size 1024K, 4 young (4096K), 4 survivors (4096K)
 Metaspace       used 35458K, committed 35968K, reserved 1114112K
  class space    used 3790K, committed 4032K, reserved 1048576K
}

