# JRE version: OpenJDK Runtime Environment Temurin-17.0.7+7 (17.0.7+7) (build 17.0.7+7)
# Java VM: OpenJDK 64-Bit Server VM Temurin-17.0.7+7 (17.0.7+7, mixed mode, tiered, compressed oops, compressed class ptrs, g1 gc, windows-amd64)
GC Precious Log:
 CPUs: 4 total, 4 available
 Memory: 8090M
 Large Page Support: Disabled
 NUMA Support: Disabled
 Compressed Oops: Enabled (32-bit)
 Heap Region Size: 1M
 Heap Min Capacity: 8M
 Heap Initial Capacity: 128M
 Heap Max Capacity: 2G
 Pre-touch: Disabled
 Parallel Workers: 4
 Concurrent Workers: 1
 Concurrent Refinement Workers: 4
 Periodic GC: Disabled
Heap:
 garbage-first heap   total 81920K, used 62064K [0x0000000080000000, 0x0000000100000000)
  region size 1024K, 37 young (37888K), 4 survivors (4096K)
 Metaspace       used 33056K, committed 33536K, reserved 1114112K
  class space    used 3434K, committed 3648K, reserved 1048576K
GC Heap History (20 events):
Event: 0.987 GC heap before
{Heap before GC invocations=0 (full 0):
 garbage-first heap   total 131072K, used 14336K [0x0000000080000000, 0x0000000100000000)
  region size 1024K, 13 young (13312K), 0 survivors (0K)
 Metaspace       used 4812K, committed 4928K, reserved 1114112K
  class space    used 387K, committed 448K, reserved 1048576K
}
Event: 0.993 GC heap after
{Heap after GC invocations=1 (full 0):
 garbage-first heap   total 131072K, used 11360K [0x0000000080000000, 0x0000000100000000)
  region size 1024K, 2 young (2048K), 2 survivors (2048K)
 Metaspace       used 4812K, committed 4928K, reserved 1114112K
  class space    used 387K, committed 448K, reserved 1048576K
}
Event: 1.437 GC heap before
{Heap before GC invocations=1 (full 0):
 garbage-first heap   total 131072K, used 19552K [0x0000000080000000, 0x0000000100000000)
  region size 1024K, 10 young (10240K), 2 survivors (2048K)
 Metaspace       used 6753K, committed 6976K, reserved 1114112K
  class space    used 523K, committed 640K, reserved 1048576K
}
Event: 1.441 GC heap after
{Heap after GC invocations=2 (full 0):
 garbage-first heap   total 131072K, used 14743K [0x0000000080000000, 0x0000000100000000)
  region size 1024K, 2 young (2048K), 2 survivors (2048K)
 Metaspace       used 6753K, committed 6976K, reserved 1114112K
  class space    used 523K, committed 640K, reserved 1048576K
}
Event: 2.538 GC heap before
{Heap before GC invocations=2 (full 0):
 garbage-first heap   total 131072K, used 30103K [0x0000000080000000, 0x0000000100000000)
  region size 1024K, 17 young (17408K), 2 survivors (2048K)
 Metaspace       used 10561K, committed 10688K, reserved 1114112K
  class space    used 903K, committed 960K, reserved 1048576K
}
Event: 2.543 GC heap after
{Heap after GC invocations=3 (full 0):
 garbage-first heap   total 131072K, used 16834K [0x0000000080000000, 0x0000000100000000)
  region size 1024K, 2 young (2048K), 2 survivors (2048K)
 Metaspace       used 10561K, committed 10688K, reserved 1114112K
  class space    used 903K, committed 960K, reserved 1048576K
}
Event: 5.850 GC heap before
{Heap before GC invocations=3 (full 0):
 garbage-first heap   total 131072K, used 91586K [0x0000000080000000, 0x0000000100000000)
  region size 1024K, 76 young (77824K), 2 survivors (2048K)
 Metaspace       used 20312K, committed 20608K, reserved 1114112K
  class space    used 2083K, committed 2240K, reserved 1048576K
}
Event: 5.866 GC heap after
{Heap after GC invocations=4 (full 0):
 garbage-first heap   total 131072K, used 22218K [0x0000000080000000, 0x0000000100000000)
  region size 1024K, 7 young (7168K), 7 survivors (7168K)
 Metaspace       used 20312K, committed 20608K, reserved 1114112K
  class space    used 2083K, committed 2240K, reserved 1048576K
}
Event: 6.558 GC heap before
{Heap before GC invocations=4 (full 0):
 garbage-first heap   total 131072K, used 60106K [0x0000000080000000, 0x0000000100000000)
  region size 1024K, 45 young (46080K), 7 survivors (7168K)
 Metaspace       used 21260K, committed 21504K, reserved 1114112K
  class space    used 2171K, committed 2304K, reserved 1048576K
}
Event: 6.572 GC heap after
{Heap after GC invocations=5 (full 0):
 garbage-first heap   total 131072K, used 22597K [0x0000000080000000, 0x0000000100000000)
  region size 1024K, 1 young (1024K), 1 survivors (1024K)
 Metaspace       used 21260K, committed 21504K, reserved 1114112K
  class space    used 2171K, committed 2304K, reserved 1048576K
}
Event: 9.051 GC heap before
{Heap before GC invocations=6 (full 0):
 garbage-first heap   total 81920K, used 70725K [0x0000000080000000, 0x0000000100000000)
  region size 1024K, 48 young (49152K), 1 survivors (1024K)
 Metaspace       used 28687K, committed 29056K, reserved 1114112K
  class space    used 3032K, committed 3200K, reserved 1048576K
}
Event: 9.065 GC heap after
{Heap after GC invocations=7 (full 0):
 garbage-first heap   total 81920K, used 25871K [0x0000000080000000, 0x0000000100000000)
  region size 1024K, 5 young (5120K), 5 survivors (5120K)
 Metaspace       used 28687K, committed 29056K, reserved 1114112K
  class space    used 3032K, committed 3200K, reserved 1048576K
}
Event: 9.576 GC heap before
{Heap before GC invocations=7 (full 0):
 garbage-first heap   total 81920K, used 61711K [0x0000000080000000, 0x0000000100000000)
  region size 1024K, 37 young (37888K), 5 survivors (5120K)
 Metaspace       used 29926K, committed 30272K, reserved 1114112K
  class space    used 3114K, committed 3264K, reserved 1048576K
}
Event: 9.588 GC heap after
{Heap after GC invocations=8 (full 0):
 garbage-first heap   total 81920K, used 26846K [0x0000000080000000, 0x0000000100000000)
  region size 1024K, 1 young (1024K), 1 survivors (1024K)
 Metaspace       used 29926K, committed 30272K, reserved 1114112K
  class space    used 3114K, committed 3264K, reserved 1048576K
}
Event: 10.300 GC heap before
{Heap before GC invocations=8 (full 0):
 garbage-first heap   total 81920K, used 60638K [0x0000000080000000, 0x0000000100000000)
  region size 1024K, 34 young (34816K), 1 survivors (1024K)
 Metaspace       used 31161K, committed 31552K, reserved 1114112K
  class space    used 3268K, committed 3456K, reserved 1048576K
}
Event: 10.304 GC heap after
{Heap after GC invocations=9 (full 0):
 garbage-first heap   total 81920K, used 27098K [0x0000000080000000, 0x0000000100000000)
  region size 1024K, 2 young (2048K), 2 survivors (2048K)
 Metaspace       used 31161K, committed 31552K, reserved 1114112K
  class space    used 3268K, committed 3456K, reserved 1048576K
}
Event: 11.051 GC heap before
{Heap before GC invocations=9 (full 0):
 garbage-first heap   total 81920K, used 61914K [0x0000000080000000, 0x0000000100000000)
  region size 1024K, 36 young (36864K), 2 survivors (2048K)
 Metaspace       used 32051K, committed 32512K, reserved 1114112K
  class space    used 3351K, committed 3584K, reserved 1048576K
}
Event: 11.060 GC heap after
{Heap after GC invocations=10 (full 0):
 garbage-first heap   total 81920K, used 28211K [0x0000000080000000, 0x0000000100000000)
  region size 1024K, 3 young (3072K), 3 survivors (3072K)
 Metaspace       used 32051K, committed 32512K, reserved 1114112K
  class space    used 3351K, committed 3584K, reserved 1048576K
}
Event: 11.914 GC heap before
{Heap before GC invocations=10 (full 0):
 garbage-first heap   total 81920K, used 63027K [0x0000000080000000, 0x0000000100000000)
  region size 1024K, 37 young (37888K), 3 survivors (3072K)
 Metaspace       used 32454K, committed 32896K, reserved 1114112K
  class space    used 3381K, committed 3584K, reserved 1048576K
}
Event: 11.923 GC heap after
{Heap after GC invocations=11 (full 0):
 garbage-first heap   total 81920K, used 29296K [0x0000000080000000, 0x0000000100000000)
  region size 1024K, 4 young (4096K), 4 survivors (4096K)
 Metaspace       used 32454K, committed 32896K, reserved 1114112K
  class space    used 3381K, committed 3584K, reserved 1048576K
}

