# JRE version: OpenJDK Runtime Environment Temurin-17.0.7+7 (17.0.7+7) (build 17.0.7+7)
# Java VM: OpenJDK 64-Bit Server VM Temurin-17.0.7+7 (17.0.7+7, mixed mode, tiered, compressed oops, compressed class ptrs, g1 gc, windows-amd64)
GC Precious Log:
 CPUs: 4 total, 4 available
 Memory: 8090M
 Large Page Support: Disabled
 NUMA Support: Disabled
 Compressed Oops: Enabled (32-bit)
 Heap Region Size: 1M
 Heap Min Capacity: 8M
 Heap Initial Capacity: 128M
 Heap Max Capacity: 2G
 Pre-touch: Disabled
 Parallel Workers: 4
 Concurrent Workers: 1
 Concurrent Refinement Workers: 4
 Periodic GC: Disabled
Heap:
 garbage-first heap   total 95232K, used 38503K [0x0000000080000000, 0x0000000100000000)
  region size 1024K, 12 young (12288K), 6 survivors (6144K)
 Metaspace       used 37261K, committed 37824K, reserved 1114112K
  class space    used 3995K, committed 4224K, reserved 1048576K
GC Heap History (20 events):
Event: 4.887 GC heap before
{Heap before GC invocations=3 (full 0):
 garbage-first heap   total 131072K, used 86856K [0x0000000080000000, 0x0000000100000000)
  region size 1024K, 71 young (72704K), 2 survivors (2048K)
 Metaspace       used 20291K, committed 20544K, reserved 1114112K
  class space    used 2081K, committed 2240K, reserved 1048576K
}
Event: 4.901 GC heap after
{Heap after GC invocations=4 (full 0):
 garbage-first heap   total 131072K, used 21587K [0x0000000080000000, 0x0000000100000000)
  region size 1024K, 7 young (7168K), 7 survivors (7168K)
 Metaspace       used 20291K, committed 20544K, reserved 1114112K
  class space    used 2081K, committed 2240K, reserved 1048576K
}
Event: 5.352 GC heap before
{Heap before GC invocations=4 (full 0):
 garbage-first heap   total 131072K, used 63571K [0x0000000080000000, 0x0000000100000000)
  region size 1024K, 49 young (50176K), 7 survivors (7168K)
 Metaspace       used 21249K, committed 21504K, reserved 1114112K
  class space    used 2170K, committed 2304K, reserved 1048576K
}
Event: 5.364 GC heap after
{Heap after GC invocations=5 (full 0):
 garbage-first heap   total 131072K, used 21913K [0x0000000080000000, 0x0000000100000000)
  region size 1024K, 1 young (1024K), 1 survivors (1024K)
 Metaspace       used 21249K, committed 21504K, reserved 1114112K
  class space    used 2170K, committed 2304K, reserved 1048576K
}
Event: 7.088 GC heap before
{Heap before GC invocations=6 (full 0):
 garbage-first heap   total 78848K, used 67993K [0x0000000080000000, 0x0000000100000000)
  region size 1024K, 46 young (47104K), 1 survivors (1024K)
 Metaspace       used 28666K, committed 29056K, reserved 1114112K
  class space    used 3029K, committed 3200K, reserved 1048576K
}
Event: 7.101 GC heap after
{Heap after GC invocations=7 (full 0):
 garbage-first heap   total 78848K, used 25172K [0x0000000080000000, 0x0000000100000000)
  region size 1024K, 5 young (5120K), 5 survivors (5120K)
 Metaspace       used 28666K, committed 29056K, reserved 1114112K
  class space    used 3029K, committed 3200K, reserved 1048576K
}
Event: 7.104 GC heap before
{Heap before GC invocations=7 (full 0):
 garbage-first heap   total 78848K, used 26196K [0x0000000080000000, 0x0000000100000000)
  region size 1024K, 6 young (6144K), 5 survivors (5120K)
 Metaspace       used 28667K, committed 29056K, reserved 1114112K
  class space    used 3029K, committed 3200K, reserved 1048576K
}
Event: 7.115 GC heap after
{Heap after GC invocations=8 (full 0):
 garbage-first heap   total 78848K, used 25809K [0x0000000080000000, 0x0000000100000000)
  region size 1024K, 1 young (1024K), 1 survivors (1024K)
 Metaspace       used 28667K, committed 29056K, reserved 1114112K
  class space    used 3029K, committed 3200K, reserved 1048576K
}
Event: 7.456 GC heap before
{Heap before GC invocations=8 (full 0):
 garbage-first heap   total 78848K, used 59601K [0x0000000080000000, 0x0000000100000000)
  region size 1024K, 31 young (31744K), 1 survivors (1024K)
 Metaspace       used 29888K, committed 30208K, reserved 1114112K
  class space    used 3112K, committed 3264K, reserved 1048576K
}
Event: 7.459 GC heap after
{Heap after GC invocations=9 (full 0):
 garbage-first heap   total 78848K, used 25809K [0x0000000080000000, 0x0000000100000000)
  region size 1024K, 1 young (1024K), 1 survivors (1024K)
 Metaspace       used 29888K, committed 30208K, reserved 1114112K
  class space    used 3112K, committed 3264K, reserved 1048576K
}
Event: 7.916 GC heap before
{Heap before GC invocations=9 (full 0):
 garbage-first heap   total 78848K, used 59601K [0x0000000080000000, 0x0000000100000000)
  region size 1024K, 34 young (34816K), 1 survivors (1024K)
 Metaspace       used 31111K, committed 31488K, reserved 1114112K
  class space    used 3265K, committed 3456K, reserved 1048576K
}
Event: 7.921 GC heap after
{Heap after GC invocations=10 (full 0):
 garbage-first heap   total 78848K, used 26218K [0x0000000080000000, 0x0000000100000000)
  region size 1024K, 2 young (2048K), 2 survivors (2048K)
 Metaspace       used 31111K, committed 31488K, reserved 1114112K
  class space    used 3265K, committed 3456K, reserved 1048576K
}
Event: 8.437 GC heap before
{Heap before GC invocations=10 (full 0):
 garbage-first heap   total 78848K, used 60010K [0x0000000080000000, 0x0000000100000000)
  region size 1024K, 35 young (35840K), 2 survivors (2048K)
 Metaspace       used 32006K, committed 32448K, reserved 1114112K
  class space    used 3348K, committed 3584K, reserved 1048576K
}
Event: 8.445 GC heap after
{Heap after GC invocations=11 (full 0):
 garbage-first heap   total 78848K, used 27456K [0x0000000080000000, 0x0000000100000000)
  region size 1024K, 3 young (3072K), 3 survivors (3072K)
 Metaspace       used 32006K, committed 32448K, reserved 1114112K
  class space    used 3348K, committed 3584K, reserved 1048576K
}
Event: 9.038 GC heap before
{Heap before GC invocations=11 (full 0):
 garbage-first heap   total 78848K, used 61248K [0x0000000080000000, 0x0000000100000000)
  region size 1024K, 36 young (36864K), 3 survivors (3072K)
 Metaspace       used 32478K, committed 32896K, reserved 1114112K
  class space    used 3388K, committed 3584K, reserved 1048576K
}
Event: 9.049 GC heap after
{Heap after GC invocations=12 (full 0):
 garbage-first heap   total 78848K, used 28970K [0x0000000080000000, 0x0000000100000000)
  region size 1024K, 4 young (4096K), 4 survivors (4096K)
 Metaspace       used 32478K, committed 32896K, reserved 1114112K
  class space    used 3388K, committed 3584K, reserved 1048576K
}
Event: 9.399 GC heap before
{Heap before GC invocations=12 (full 0):
 garbage-first heap   total 78848K, used 62762K [0x0000000080000000, 0x0000000100000000)
  region size 1024K, 37 young (37888K), 4 survivors (4096K)
 Metaspace       used 32960K, committed 33408K, reserved 1114112K
  class space    used 3435K, committed 3648K, reserved 1048576K
}
Event: 9.415 GC heap after
{Heap after GC invocations=13 (full 0):
 garbage-first heap   total 95232K, used 31204K [0x0000000080000000, 0x0000000100000000)
  region size 1024K, 5 young (5120K), 5 survivors (5120K)
 Metaspace       used 32960K, committed 33408K, reserved 1114112K
  class space    used 3435K, committed 3648K, reserved 1048576K
}
Event: 10.726 GC heap before
{Heap before GC invocations=13 (full 0):
 garbage-first heap   total 95232K, used 72164K [0x0000000080000000, 0x0000000100000000)
  region size 1024K, 46 young (47104K), 5 survivors (5120K)
 Metaspace       used 35443K, committed 35968K, reserved 1114112K
  class space    used 3780K, committed 4032K, reserved 1048576K
}
Event: 10.744 GC heap after
{Heap after GC invocations=14 (full 0):
 garbage-first heap   total 95232K, used 33383K [0x0000000080000000, 0x0000000100000000)
  region size 1024K, 6 young (6144K), 6 survivors (6144K)
 Metaspace       used 35443K, committed 35968K, reserved 1114112K
  class space    used 3780K, committed 4032K, reserved 1048576K
}

