# JRE version: OpenJDK Runtime Environment Temurin-17.0.7+7 (17.0.7+7) (build 17.0.7+7)
# Java VM: OpenJDK 64-Bit Server VM Temurin-17.0.7+7 (17.0.7+7, mixed mode, tiered, compressed oops, compressed class ptrs, g1 gc, windows-amd64)
GC Precious Log:
 CPUs: 4 total, 4 available
 Memory: 8090M
 Large Page Support: Disabled
 NUMA Support: Disabled
 Compressed Oops: Enabled (32-bit)
 Heap Region Size: 1M
 Heap Min Capacity: 8M
 Heap Initial Capacity: 128M
 Heap Max Capacity: 2G
 Pre-touch: Disabled
 Parallel Workers: 4
 Concurrent Workers: 1
 Concurrent Refinement Workers: 4
 Periodic GC: Disabled
Heap:
 garbage-first heap   total 98304K, used 72674K [0x0000000080000000, 0x0000000100000000)
  region size 1024K, 42 young (43008K), 5 survivors (5120K)
 Metaspace       used 47264K, committed 47872K, reserved 1114112K
  class space    used 5373K, committed 5632K, reserved 1048576K
GC Heap History (20 events):
Event: 6.369 GC heap before
{Heap before GC invocations=3 (full 0):
 garbage-first heap   total 131072K, used 86521K [0x0000000080000000, 0x0000000100000000)
  region size 1024K, 71 young (72704K), 2 survivors (2048K)
 Metaspace       used 20320K, committed 20608K, reserved 1114112K
  class space    used 2080K, committed 2240K, reserved 1048576K
}
Event: 6.384 GC heap after
{Heap after GC invocations=4 (full 0):
 garbage-first heap   total 131072K, used 22164K [0x0000000080000000, 0x0000000100000000)
  region size 1024K, 7 young (7168K), 7 survivors (7168K)
 Metaspace       used 20320K, committed 20608K, reserved 1114112K
  class space    used 2080K, committed 2240K, reserved 1048576K
}
Event: 7.085 GC heap before
{Heap before GC invocations=4 (full 0):
 garbage-first heap   total 131072K, used 65172K [0x0000000080000000, 0x0000000100000000)
  region size 1024K, 50 young (51200K), 7 survivors (7168K)
 Metaspace       used 21258K, committed 21504K, reserved 1114112K
  class space    used 2170K, committed 2304K, reserved 1048576K
}
Event: 7.098 GC heap after
{Heap after GC invocations=5 (full 0):
 garbage-first heap   total 131072K, used 22545K [0x0000000080000000, 0x0000000100000000)
  region size 1024K, 1 young (1024K), 1 survivors (1024K)
 Metaspace       used 21258K, committed 21504K, reserved 1114112K
  class space    used 2170K, committed 2304K, reserved 1048576K
}
Event: 9.498 GC heap before
{Heap before GC invocations=6 (full 0):
 garbage-first heap   total 81920K, used 69649K [0x0000000080000000, 0x0000000100000000)
  region size 1024K, 48 young (49152K), 1 survivors (1024K)
 Metaspace       used 28705K, committed 29056K, reserved 1114112K
  class space    used 3028K, committed 3200K, reserved 1048576K
}
Event: 9.514 GC heap after
{Heap after GC invocations=7 (full 0):
 garbage-first heap   total 81920K, used 25808K [0x0000000080000000, 0x0000000100000000)
  region size 1024K, 5 young (5120K), 5 survivors (5120K)
 Metaspace       used 28705K, committed 29056K, reserved 1114112K
  class space    used 3028K, committed 3200K, reserved 1048576K
}
Event: 9.947 GC heap before
{Heap before GC invocations=7 (full 0):
 garbage-first heap   total 81920K, used 60624K [0x0000000080000000, 0x0000000100000000)
  region size 1024K, 37 young (37888K), 5 survivors (5120K)
 Metaspace       used 29932K, committed 30272K, reserved 1114112K
  class space    used 3111K, committed 3264K, reserved 1048576K
}
Event: 9.958 GC heap after
{Heap after GC invocations=8 (full 0):
 garbage-first heap   total 81920K, used 26782K [0x0000000080000000, 0x0000000100000000)
  region size 1024K, 1 young (1024K), 1 survivors (1024K)
 Metaspace       used 29932K, committed 30272K, reserved 1114112K
  class space    used 3111K, committed 3264K, reserved 1048576K
}
Event: 10.441 GC heap before
{Heap before GC invocations=8 (full 0):
 garbage-first heap   total 81920K, used 60574K [0x0000000080000000, 0x0000000100000000)
  region size 1024K, 34 young (34816K), 1 survivors (1024K)
 Metaspace       used 31159K, committed 31552K, reserved 1114112K
  class space    used 3264K, committed 3456K, reserved 1048576K
}
Event: 10.445 GC heap after
{Heap after GC invocations=9 (full 0):
 garbage-first heap   total 81920K, used 26909K [0x0000000080000000, 0x0000000100000000)
  region size 1024K, 2 young (2048K), 2 survivors (2048K)
 Metaspace       used 31159K, committed 31552K, reserved 1114112K
  class space    used 3264K, committed 3456K, reserved 1048576K
}
Event: 11.066 GC heap before
{Heap before GC invocations=9 (full 0):
 garbage-first heap   total 81920K, used 61725K [0x0000000080000000, 0x0000000100000000)
  region size 1024K, 36 young (36864K), 2 survivors (2048K)
 Metaspace       used 32194K, committed 32640K, reserved 1114112K
  class space    used 3366K, committed 3584K, reserved 1048576K
}
Event: 11.073 GC heap after
{Heap after GC invocations=10 (full 0):
 garbage-first heap   total 81920K, used 28159K [0x0000000080000000, 0x0000000100000000)
  region size 1024K, 3 young (3072K), 3 survivors (3072K)
 Metaspace       used 32194K, committed 32640K, reserved 1114112K
  class space    used 3366K, committed 3584K, reserved 1048576K
}
Event: 11.666 GC heap before
{Heap before GC invocations=10 (full 0):
 garbage-first heap   total 81920K, used 62975K [0x0000000080000000, 0x0000000100000000)
  region size 1024K, 37 young (37888K), 3 survivors (3072K)
 Metaspace       used 32459K, committed 32832K, reserved 1114112K
  class space    used 3386K, committed 3584K, reserved 1048576K
}
Event: 11.677 GC heap after
{Heap after GC invocations=11 (full 0):
 garbage-first heap   total 81920K, used 29228K [0x0000000080000000, 0x0000000100000000)
  region size 1024K, 4 young (4096K), 4 survivors (4096K)
 Metaspace       used 32459K, committed 32832K, reserved 1114112K
  class space    used 3386K, committed 3584K, reserved 1048576K
}
Event: 12.445 GC heap before
{Heap before GC invocations=11 (full 0):
 garbage-first heap   total 81920K, used 64044K [0x0000000080000000, 0x0000000100000000)
  region size 1024K, 38 young (38912K), 4 survivors (4096K)
 Metaspace       used 33093K, committed 33600K, reserved 1114112K
  class space    used 3445K, committed 3712K, reserved 1048576K
}
Event: 12.461 GC heap after
{Heap after GC invocations=12 (full 0):
 garbage-first heap   total 81920K, used 31534K [0x0000000080000000, 0x0000000100000000)
  region size 1024K, 5 young (5120K), 5 survivors (5120K)
 Metaspace       used 33093K, committed 33600K, reserved 1114112K
  class space    used 3445K, committed 3712K, reserved 1048576K
}
Event: 18.935 GC heap before
{Heap before GC invocations=12 (full 0):
 garbage-first heap   total 81920K, used 63278K [0x0000000080000000, 0x0000000100000000)
  region size 1024K, 37 young (37888K), 5 survivors (5120K)
 Metaspace       used 35607K, committed 36096K, reserved 1114112K
  class space    used 3809K, committed 4032K, reserved 1048576K
}
Event: 18.951 GC heap after
{Heap after GC invocations=13 (full 0):
 garbage-first heap   total 98304K, used 33430K [0x0000000080000000, 0x0000000100000000)
  region size 1024K, 5 young (5120K), 5 survivors (5120K)
 Metaspace       used 35607K, committed 36096K, reserved 1114112K
  class space    used 3809K, committed 4032K, reserved 1048576K
}
Event: 36.579 GC heap before
{Heap before GC invocations=14 (full 0):
 garbage-first heap   total 98304K, used 76438K [0x0000000080000000, 0x0000000100000000)
  region size 1024K, 48 young (49152K), 5 survivors (5120K)
 Metaspace       used 42898K, committed 43456K, reserved 1114112K
  class space    used 4800K, committed 5056K, reserved 1048576K
}
Event: 36.589 GC heap after
{Heap after GC invocations=15 (full 0):
 garbage-first heap   total 98304K, used 35810K [0x0000000080000000, 0x0000000100000000)
  region size 1024K, 5 young (5120K), 5 survivors (5120K)
 Metaspace       used 42898K, committed 43456K, reserved 1114112K
  class space    used 4800K, committed 5056K, reserved 1048576K
}

