# JRE version: OpenJDK Runtime Environment Temurin-17.0.7+7 (17.0.7+7) (build 17.0.7+7)
# Java VM: OpenJDK 64-Bit Server VM Temurin-17.0.7+7 (17.0.7+7, mixed mode, tiered, compressed oops, compressed class ptrs, g1 gc, windows-amd64)
GC Precious Log:
 CPUs: 4 total, 4 available
 Memory: 8090M
 Large Page Support: Disabled
 NUMA Support: Disabled
 Compressed Oops: Enabled (32-bit)
 Heap Region Size: 1M
 Heap Min Capacity: 8M
 Heap Initial Capacity: 128M
 Heap Max Capacity: 2G
 Pre-touch: Disabled
 Parallel Workers: 4
 Concurrent Workers: 1
 Concurrent Refinement Workers: 4
 Periodic GC: Disabled
Heap:
 garbage-first heap   total 116736K, used 61540K [0x0000000080000000, 0x0000000100000000)
  region size 1024K, 37 young (37888K), 8 survivors (8192K)
 Metaspace       used 40819K, committed 41408K, reserved 1114112K
  class space    used 4507K, committed 4736K, reserved 1048576K
GC Heap History (20 events):
Event: 2.147 GC heap before
{Heap before GC invocations=2 (full 0):
 garbage-first heap   total 131072K, used 29544K [0x0000000080000000, 0x0000000100000000)
  region size 1024K, 17 young (17408K), 2 survivors (2048K)
 Metaspace       used 10182K, committed 10304K, reserved 1114112K
  class space    used 886K, committed 960K, reserved 1048576K
}
Event: 2.151 GC heap after
{Heap after GC invocations=3 (full 0):
 garbage-first heap   total 131072K, used 16661K [0x0000000080000000, 0x0000000100000000)
  region size 1024K, 2 young (2048K), 2 survivors (2048K)
 Metaspace       used 10182K, committed 10304K, reserved 1114112K
  class space    used 886K, committed 960K, reserved 1048576K
}
Event: 4.596 GC heap before
{Heap before GC invocations=3 (full 0):
 garbage-first heap   total 131072K, used 90389K [0x0000000080000000, 0x0000000100000000)
  region size 1024K, 75 young (76800K), 2 survivors (2048K)
 Metaspace       used 20307K, committed 20608K, reserved 1114112K
  class space    used 2082K, committed 2240K, reserved 1048576K
}
Event: 4.611 GC heap after
{Heap after GC invocations=4 (full 0):
 garbage-first heap   total 131072K, used 22096K [0x0000000080000000, 0x0000000100000000)
  region size 1024K, 7 young (7168K), 7 survivors (7168K)
 Metaspace       used 20307K, committed 20608K, reserved 1114112K
  class space    used 2082K, committed 2240K, reserved 1048576K
}
Event: 5.077 GC heap before
{Heap before GC invocations=4 (full 0):
 garbage-first heap   total 131072K, used 61008K [0x0000000080000000, 0x0000000100000000)
  region size 1024K, 46 young (47104K), 7 survivors (7168K)
 Metaspace       used 21267K, committed 21504K, reserved 1114112K
  class space    used 2170K, committed 2304K, reserved 1048576K
}
Event: 5.089 GC heap after
{Heap after GC invocations=5 (full 0):
 garbage-first heap   total 131072K, used 22372K [0x0000000080000000, 0x0000000100000000)
  region size 1024K, 1 young (1024K), 1 survivors (1024K)
 Metaspace       used 21267K, committed 21504K, reserved 1114112K
  class space    used 2170K, committed 2304K, reserved 1048576K
}
Event: 6.798 GC heap before
{Heap before GC invocations=6 (full 0):
 garbage-first heap   total 78848K, used 67428K [0x0000000080000000, 0x0000000100000000)
  region size 1024K, 46 young (47104K), 1 survivors (1024K)
 Metaspace       used 28692K, committed 29056K, reserved 1114112K
  class space    used 3030K, committed 3200K, reserved 1048576K
}
Event: 6.811 GC heap after
{Heap after GC invocations=7 (full 0):
 garbage-first heap   total 78848K, used 25637K [0x0000000080000000, 0x0000000100000000)
  region size 1024K, 5 young (5120K), 5 survivors (5120K)
 Metaspace       used 28692K, committed 29056K, reserved 1114112K
  class space    used 3030K, committed 3200K, reserved 1048576K
}
Event: 6.814 GC heap before
{Heap before GC invocations=7 (full 0):
 garbage-first heap   total 78848K, used 26661K [0x0000000080000000, 0x0000000100000000)
  region size 1024K, 6 young (6144K), 5 survivors (5120K)
 Metaspace       used 28694K, committed 29056K, reserved 1114112K
  class space    used 3030K, committed 3200K, reserved 1048576K
}
Event: 6.825 GC heap after
{Heap after GC invocations=8 (full 0):
 garbage-first heap   total 78848K, used 25763K [0x0000000080000000, 0x0000000100000000)
  region size 1024K, 1 young (1024K), 1 survivors (1024K)
 Metaspace       used 28694K, committed 29056K, reserved 1114112K
  class space    used 3030K, committed 3200K, reserved 1048576K
}
Event: 7.147 GC heap before
{Heap before GC invocations=8 (full 0):
 garbage-first heap   total 78848K, used 59555K [0x0000000080000000, 0x0000000100000000)
  region size 1024K, 31 young (31744K), 1 survivors (1024K)
 Metaspace       used 29904K, committed 30272K, reserved 1114112K
  class space    used 3112K, committed 3264K, reserved 1048576K
}
Event: 7.151 GC heap after
{Heap after GC invocations=9 (full 0):
 garbage-first heap   total 78848K, used 25677K [0x0000000080000000, 0x0000000100000000)
  region size 1024K, 1 young (1024K), 1 survivors (1024K)
 Metaspace       used 29904K, committed 30272K, reserved 1114112K
  class space    used 3112K, committed 3264K, reserved 1048576K
}
Event: 7.561 GC heap before
{Heap before GC invocations=9 (full 0):
 garbage-first heap   total 78848K, used 58445K [0x0000000080000000, 0x0000000100000000)
  region size 1024K, 33 young (33792K), 1 survivors (1024K)
 Metaspace       used 31137K, committed 31552K, reserved 1114112K
  class space    used 3266K, committed 3456K, reserved 1048576K
}
Event: 7.566 GC heap after
{Heap after GC invocations=10 (full 0):
 garbage-first heap   total 78848K, used 26096K [0x0000000080000000, 0x0000000100000000)
  region size 1024K, 1 young (1024K), 1 survivors (1024K)
 Metaspace       used 31137K, committed 31552K, reserved 1114112K
  class space    used 3266K, committed 3456K, reserved 1048576K
}
Event: 8.012 GC heap before
{Heap before GC invocations=10 (full 0):
 garbage-first heap   total 78848K, used 60912K [0x0000000080000000, 0x0000000100000000)
  region size 1024K, 35 young (35840K), 1 survivors (1024K)
 Metaspace       used 32034K, committed 32512K, reserved 1114112K
  class space    used 3349K, committed 3584K, reserved 1048576K
}
Event: 8.020 GC heap after
{Heap after GC invocations=11 (full 0):
 garbage-first heap   total 78848K, used 27390K [0x0000000080000000, 0x0000000100000000)
  region size 1024K, 3 young (3072K), 3 survivors (3072K)
 Metaspace       used 32034K, committed 32512K, reserved 1114112K
  class space    used 3349K, committed 3584K, reserved 1048576K
}
Event: 8.651 GC heap before
{Heap before GC invocations=11 (full 0):
 garbage-first heap   total 78848K, used 61182K [0x0000000080000000, 0x0000000100000000)
  region size 1024K, 36 young (36864K), 3 survivors (3072K)
 Metaspace       used 32511K, committed 32896K, reserved 1114112K
  class space    used 3388K, committed 3584K, reserved 1048576K
}
Event: 8.664 GC heap after
{Heap after GC invocations=12 (full 0):
 garbage-first heap   total 201728K, used 28911K [0x0000000080000000, 0x0000000100000000)
  region size 1024K, 4 young (4096K), 4 survivors (4096K)
 Metaspace       used 32511K, committed 32896K, reserved 1114112K
  class space    used 3388K, committed 3584K, reserved 1048576K
}
Event: 11.173 GC heap before
{Heap before GC invocations=12 (full 0):
 garbage-first heap   total 201728K, used 105711K [0x0000000080000000, 0x0000000100000000)
  region size 1024K, 80 young (81920K), 4 survivors (4096K)
 Metaspace       used 35468K, committed 35968K, reserved 1114112K
  class space    used 3782K, committed 4032K, reserved 1048576K
}
Event: 11.187 GC heap after
{Heap after GC invocations=13 (full 0):
 garbage-first heap   total 201728K, used 32868K [0x0000000080000000, 0x0000000100000000)
  region size 1024K, 8 young (8192K), 8 survivors (8192K)
 Metaspace       used 35468K, committed 35968K, reserved 1114112K
  class space    used 3782K, committed 4032K, reserved 1048576K
}

