# JRE version: OpenJDK Runtime Environment Temurin-17.0.7+7 (17.0.7+7) (build 17.0.7+7)
# Java VM: OpenJDK 64-Bit Server VM Temurin-17.0.7+7 (17.0.7+7, mixed mode, tiered, compressed oops, compressed class ptrs, g1 gc, windows-amd64)
GC Precious Log:
 CPUs: 4 total, 4 available
 Memory: 8090M
 Large Page Support: Disabled
 NUMA Support: Disabled
 Compressed Oops: Enabled (32-bit)
 Heap Region Size: 1M
 Heap Min Capacity: 8M
 Heap Initial Capacity: 128M
 Heap Max Capacity: 2G
 Pre-touch: Disabled
 Parallel Workers: 4
 Concurrent Workers: 1
 Concurrent Refinement Workers: 4
 Periodic GC: Disabled
Heap:
 garbage-first heap   total 95232K, used 71833K [0x0000000080000000, 0x0000000100000000)
  region size 1024K, 43 young (44032K), 4 survivors (4096K)
 Metaspace       used 42279K, committed 42816K, reserved 1114112K
  class space    used 4694K, committed 4928K, reserved 1048576K
GC Heap History (20 events):
Event: 4.274 GC heap before
{Heap before GC invocations=3 (full 0):
 garbage-first heap   total 131072K, used 91183K [0x0000000080000000, 0x0000000100000000)
  region size 1024K, 75 young (76800K), 2 survivors (2048K)
 Metaspace       used 20321K, committed 20608K, reserved 1114112K
  class space    used 2080K, committed 2240K, reserved 1048576K
}
Event: 4.289 GC heap after
{Heap after GC invocations=4 (full 0):
 garbage-first heap   total 131072K, used 21862K [0x0000000080000000, 0x0000000100000000)
  region size 1024K, 7 young (7168K), 7 survivors (7168K)
 Metaspace       used 20321K, committed 20608K, reserved 1114112K
  class space    used 2080K, committed 2240K, reserved 1048576K
}
Event: 4.722 GC heap before
{Heap before GC invocations=4 (full 0):
 garbage-first heap   total 131072K, used 59750K [0x0000000080000000, 0x0000000100000000)
  region size 1024K, 45 young (46080K), 7 survivors (7168K)
 Metaspace       used 21281K, committed 21504K, reserved 1114112K
  class space    used 2169K, committed 2304K, reserved 1048576K
}
Event: 4.735 GC heap after
{Heap after GC invocations=5 (full 0):
 garbage-first heap   total 131072K, used 22200K [0x0000000080000000, 0x0000000100000000)
  region size 1024K, 1 young (1024K), 1 survivors (1024K)
 Metaspace       used 21281K, committed 21504K, reserved 1114112K
  class space    used 2169K, committed 2304K, reserved 1048576K
}
Event: 6.583 GC heap before
{Heap before GC invocations=6 (full 0):
 garbage-first heap   total 78848K, used 68280K [0x0000000080000000, 0x0000000100000000)
  region size 1024K, 46 young (47104K), 1 survivors (1024K)
 Metaspace       used 28676K, committed 29056K, reserved 1114112K
  class space    used 3028K, committed 3200K, reserved 1048576K
}
Event: 6.597 GC heap after
{Heap after GC invocations=7 (full 0):
 garbage-first heap   total 78848K, used 25473K [0x0000000080000000, 0x0000000100000000)
  region size 1024K, 5 young (5120K), 5 survivors (5120K)
 Metaspace       used 28676K, committed 29056K, reserved 1114112K
  class space    used 3028K, committed 3200K, reserved 1048576K
}
Event: 6.929 GC heap before
{Heap before GC invocations=7 (full 0):
 garbage-first heap   total 78848K, used 59265K [0x0000000080000000, 0x0000000100000000)
  region size 1024K, 35 young (35840K), 5 survivors (5120K)
 Metaspace       used 29903K, committed 30272K, reserved 1114112K
  class space    used 3110K, committed 3264K, reserved 1048576K
}
Event: 6.941 GC heap after
{Heap after GC invocations=8 (full 0):
 garbage-first heap   total 78848K, used 26560K [0x0000000080000000, 0x0000000100000000)
  region size 1024K, 1 young (1024K), 1 survivors (1024K)
 Metaspace       used 29903K, committed 30272K, reserved 1114112K
  class space    used 3110K, committed 3264K, reserved 1048576K
}
Event: 7.317 GC heap before
{Heap before GC invocations=8 (full 0):
 garbage-first heap   total 78848K, used 58304K [0x0000000080000000, 0x0000000100000000)
  region size 1024K, 32 young (32768K), 1 survivors (1024K)
 Metaspace       used 30868K, committed 31232K, reserved 1114112K
  class space    used 3241K, committed 3392K, reserved 1048576K
}
Event: 7.321 GC heap after
{Heap after GC invocations=9 (full 0):
 garbage-first heap   total 78848K, used 26560K [0x0000000080000000, 0x0000000100000000)
  region size 1024K, 1 young (1024K), 1 survivors (1024K)
 Metaspace       used 30868K, committed 31232K, reserved 1114112K
  class space    used 3241K, committed 3392K, reserved 1048576K
}
Event: 7.683 GC heap before
{Heap before GC invocations=9 (full 0):
 garbage-first heap   total 78848K, used 60352K [0x0000000080000000, 0x0000000100000000)
  region size 1024K, 34 young (34816K), 1 survivors (1024K)
 Metaspace       used 31519K, committed 31936K, reserved 1114112K
  class space    used 3305K, committed 3520K, reserved 1048576K
}
Event: 7.688 GC heap after
{Heap after GC invocations=10 (full 0):
 garbage-first heap   total 78848K, used 27561K [0x0000000080000000, 0x0000000100000000)
  region size 1024K, 2 young (2048K), 2 survivors (2048K)
 Metaspace       used 31519K, committed 31936K, reserved 1114112K
  class space    used 3305K, committed 3520K, reserved 1048576K
}
Event: 8.256 GC heap before
{Heap before GC invocations=10 (full 0):
 garbage-first heap   total 78848K, used 61353K [0x0000000080000000, 0x0000000100000000)
  region size 1024K, 35 young (35840K), 2 survivors (2048K)
 Metaspace       used 32442K, committed 32832K, reserved 1114112K
  class space    used 3390K, committed 3584K, reserved 1048576K
}
Event: 8.265 GC heap after
{Heap after GC invocations=11 (full 0):
 garbage-first heap   total 95232K, used 28938K [0x0000000080000000, 0x0000000100000000)
  region size 1024K, 4 young (4096K), 4 survivors (4096K)
 Metaspace       used 32442K, committed 32832K, reserved 1114112K
  class space    used 3390K, committed 3584K, reserved 1048576K
}
Event: 8.886 GC heap before
{Heap before GC invocations=11 (full 0):
 garbage-first heap   total 95232K, used 72970K [0x0000000080000000, 0x0000000100000000)
  region size 1024K, 47 young (48128K), 4 survivors (4096K)
 Metaspace       used 32616K, committed 33024K, reserved 1114112K
  class space    used 3398K, committed 3584K, reserved 1048576K
}
Event: 8.897 GC heap after
{Heap after GC invocations=12 (full 0):
 garbage-first heap   total 95232K, used 29984K [0x0000000080000000, 0x0000000100000000)
  region size 1024K, 4 young (4096K), 4 survivors (4096K)
 Metaspace       used 32616K, committed 33024K, reserved 1114112K
  class space    used 3398K, committed 3584K, reserved 1048576K
}
Event: 9.856 GC heap before
{Heap before GC invocations=12 (full 0):
 garbage-first heap   total 95232K, used 75040K [0x0000000080000000, 0x0000000100000000)
  region size 1024K, 48 young (49152K), 4 survivors (4096K)
 Metaspace       used 34003K, committed 34496K, reserved 1114112K
  class space    used 3553K, committed 3776K, reserved 1048576K
}
Event: 9.874 GC heap after
{Heap after GC invocations=13 (full 0):
 garbage-first heap   total 95232K, used 33254K [0x0000000080000000, 0x0000000100000000)
  region size 1024K, 6 young (6144K), 6 survivors (6144K)
 Metaspace       used 34003K, committed 34496K, reserved 1114112K
  class space    used 3553K, committed 3776K, reserved 1048576K
}
Event: 10.538 GC heap before
{Heap before GC invocations=13 (full 0):
 garbage-first heap   total 95232K, used 48614K [0x0000000080000000, 0x0000000100000000)
  region size 1024K, 22 young (22528K), 6 survivors (6144K)
 Metaspace       used 35484K, committed 35968K, reserved 1114112K
  class space    used 3785K, committed 4032K, reserved 1048576K
}
Event: 10.555 GC heap after
{Heap after GC invocations=14 (full 0):
 garbage-first heap   total 95232K, used 33945K [0x0000000080000000, 0x0000000100000000)
  region size 1024K, 4 young (4096K), 4 survivors (4096K)
 Metaspace       used 35484K, committed 35968K, reserved 1114112K
  class space    used 3785K, committed 4032K, reserved 1048576K
}

