# JRE version: OpenJDK Runtime Environment Temurin-17.0.7+7 (17.0.7+7) (build 17.0.7+7)
# Java VM: OpenJDK 64-Bit Server VM Temurin-17.0.7+7 (17.0.7+7, mixed mode, tiered, compressed oops, compressed class ptrs, g1 gc, windows-amd64)
GC Precious Log:
 CPUs: 4 total, 4 available
 Memory: 8090M
 Large Page Support: Disabled
 NUMA Support: Disabled
 Compressed Oops: Enabled (32-bit)
 Heap Region Size: 1M
 Heap Min Capacity: 8M
 Heap Initial Capacity: 128M
 Heap Max Capacity: 2G
 Pre-touch: Disabled
 Parallel Workers: 4
 Concurrent Workers: 1
 Concurrent Refinement Workers: 4
 Periodic GC: Disabled
Heap:
 garbage-first heap   total 99328K, used 71061K [0x0000000080000000, 0x0000000100000000)
  region size 1024K, 43 young (44032K), 5 survivors (5120K)
 Metaspace       used 41889K, committed 42368K, reserved 1114112K
  class space    used 4641K, committed 4864K, reserved 1048576K
GC Heap History (20 events):
Event: 4.745 GC heap before
{Heap before GC invocations=3 (full 0):
 garbage-first heap   total 131072K, used 90145K [0x0000000080000000, 0x0000000100000000)
  region size 1024K, 75 young (76800K), 2 survivors (2048K)
 Metaspace       used 20293K, committed 20544K, reserved 1114112K
  class space    used 2081K, committed 2240K, reserved 1048576K
}
Event: 4.760 GC heap after
{Heap after GC invocations=4 (full 0):
 garbage-first heap   total 131072K, used 21788K [0x0000000080000000, 0x0000000100000000)
  region size 1024K, 7 young (7168K), 7 survivors (7168K)
 Metaspace       used 20293K, committed 20544K, reserved 1114112K
  class space    used 2081K, committed 2240K, reserved 1048576K
}
Event: 5.186 GC heap before
{Heap before GC invocations=4 (full 0):
 garbage-first heap   total 131072K, used 59676K [0x0000000080000000, 0x0000000100000000)
  region size 1024K, 45 young (46080K), 7 survivors (7168K)
 Metaspace       used 21243K, committed 21504K, reserved 1114112K
  class space    used 2169K, committed 2304K, reserved 1048576K
}
Event: 5.198 GC heap after
{Heap after GC invocations=5 (full 0):
 garbage-first heap   total 131072K, used 22114K [0x0000000080000000, 0x0000000100000000)
  region size 1024K, 1 young (1024K), 1 survivors (1024K)
 Metaspace       used 21243K, committed 21504K, reserved 1114112K
  class space    used 2169K, committed 2304K, reserved 1048576K
}
Event: 6.925 GC heap before
{Heap before GC invocations=6 (full 0):
 garbage-first heap   total 78848K, used 68194K [0x0000000080000000, 0x0000000100000000)
  region size 1024K, 46 young (47104K), 1 survivors (1024K)
 Metaspace       used 28673K, committed 29056K, reserved 1114112K
  class space    used 3028K, committed 3200K, reserved 1048576K
}
Event: 6.939 GC heap after
{Heap after GC invocations=7 (full 0):
 garbage-first heap   total 78848K, used 25392K [0x0000000080000000, 0x0000000100000000)
  region size 1024K, 5 young (5120K), 5 survivors (5120K)
 Metaspace       used 28673K, committed 29056K, reserved 1114112K
  class space    used 3028K, committed 3200K, reserved 1048576K
}
Event: 7.243 GC heap before
{Heap before GC invocations=7 (full 0):
 garbage-first heap   total 78848K, used 58160K [0x0000000080000000, 0x0000000100000000)
  region size 1024K, 35 young (35840K), 5 survivors (5120K)
 Metaspace       used 29897K, committed 30272K, reserved 1114112K
  class space    used 3108K, committed 3264K, reserved 1048576K
}
Event: 7.255 GC heap after
{Heap after GC invocations=8 (full 0):
 garbage-first heap   total 78848K, used 26368K [0x0000000080000000, 0x0000000100000000)
  region size 1024K, 1 young (1024K), 1 survivors (1024K)
 Metaspace       used 29897K, committed 30272K, reserved 1114112K
  class space    used 3108K, committed 3264K, reserved 1048576K
}
Event: 7.704 GC heap before
{Heap before GC invocations=8 (full 0):
 garbage-first heap   total 78848K, used 59136K [0x0000000080000000, 0x0000000100000000)
  region size 1024K, 33 young (33792K), 1 survivors (1024K)
 Metaspace       used 31126K, committed 31552K, reserved 1114112K
  class space    used 3264K, committed 3456K, reserved 1048576K
}
Event: 7.708 GC heap after
{Heap after GC invocations=9 (full 0):
 garbage-first heap   total 78848K, used 26325K [0x0000000080000000, 0x0000000100000000)
  region size 1024K, 1 young (1024K), 1 survivors (1024K)
 Metaspace       used 31126K, committed 31552K, reserved 1114112K
  class space    used 3264K, committed 3456K, reserved 1048576K
}
Event: 8.198 GC heap before
{Heap before GC invocations=9 (full 0):
 garbage-first heap   total 78848K, used 60117K [0x0000000080000000, 0x0000000100000000)
  region size 1024K, 34 young (34816K), 1 survivors (1024K)
 Metaspace       used 32027K, committed 32512K, reserved 1114112K
  class space    used 3347K, committed 3584K, reserved 1048576K
}
Event: 8.206 GC heap after
{Heap after GC invocations=10 (full 0):
 garbage-first heap   total 78848K, used 27702K [0x0000000080000000, 0x0000000100000000)
  region size 1024K, 3 young (3072K), 3 survivors (3072K)
 Metaspace       used 32027K, committed 32512K, reserved 1114112K
  class space    used 3347K, committed 3584K, reserved 1048576K
}
Event: 8.786 GC heap before
{Heap before GC invocations=10 (full 0):
 garbage-first heap   total 78848K, used 60470K [0x0000000080000000, 0x0000000100000000)
  region size 1024K, 35 young (35840K), 3 survivors (3072K)
 Metaspace       used 32508K, committed 32960K, reserved 1114112K
  class space    used 3385K, committed 3584K, reserved 1048576K
}
Event: 8.796 GC heap after
{Heap after GC invocations=11 (full 0):
 garbage-first heap   total 78848K, used 28808K [0x0000000080000000, 0x0000000100000000)
  region size 1024K, 4 young (4096K), 4 survivors (4096K)
 Metaspace       used 32508K, committed 32960K, reserved 1114112K
  class space    used 3385K, committed 3584K, reserved 1048576K
}
Event: 9.127 GC heap before
{Heap before GC invocations=11 (full 0):
 garbage-first heap   total 78848K, used 61576K [0x0000000080000000, 0x0000000100000000)
  region size 1024K, 36 young (36864K), 4 survivors (4096K)
 Metaspace       used 32970K, committed 33408K, reserved 1114112K
  class space    used 3436K, committed 3648K, reserved 1048576K
}
Event: 9.143 GC heap after
{Heap after GC invocations=12 (full 0):
 garbage-first heap   total 78848K, used 30700K [0x0000000080000000, 0x0000000100000000)
  region size 1024K, 5 young (5120K), 5 survivors (5120K)
 Metaspace       used 32970K, committed 33408K, reserved 1114112K
  class space    used 3436K, committed 3648K, reserved 1048576K
}
Event: 10.059 GC heap before
{Heap before GC invocations=12 (full 0):
 garbage-first heap   total 78848K, used 61420K [0x0000000080000000, 0x0000000100000000)
  region size 1024K, 35 young (35840K), 5 survivors (5120K)
 Metaspace       used 34523K, committed 35072K, reserved 1114112K
  class space    used 3643K, committed 3904K, reserved 1048576K
}
Event: 10.073 GC heap after
{Heap after GC invocations=13 (full 0):
 garbage-first heap   total 99328K, used 32607K [0x0000000080000000, 0x0000000100000000)
  region size 1024K, 4 young (4096K), 4 survivors (4096K)
 Metaspace       used 34523K, committed 35072K, reserved 1114112K
  class space    used 3643K, committed 3904K, reserved 1048576K
}
Event: 10.502 GC heap before
{Heap before GC invocations=13 (full 0):
 garbage-first heap   total 99328K, used 42847K [0x0000000080000000, 0x0000000100000000)
  region size 1024K, 15 young (15360K), 4 survivors (4096K)
 Metaspace       used 35431K, committed 35968K, reserved 1114112K
  class space    used 3779K, committed 4032K, reserved 1048576K
}
Event: 10.517 GC heap after
{Heap after GC invocations=14 (full 0):
 garbage-first heap   total 99328K, used 33173K [0x0000000080000000, 0x0000000100000000)
  region size 1024K, 5 young (5120K), 5 survivors (5120K)
 Metaspace       used 35431K, committed 35968K, reserved 1114112K
  class space    used 3779K, committed 4032K, reserved 1048576K
}

