# JRE version: OpenJDK Runtime Environment Temurin-17.0.7+7 (17.0.7+7) (build 17.0.7+7)
# Java VM: OpenJDK 64-Bit Server VM Temurin-17.0.7+7 (17.0.7+7, mixed mode, tiered, compressed oops, compressed class ptrs, g1 gc, windows-amd64)
GC Precious Log:
 CPUs: 4 total, 4 available
 Memory: 8090M
 Large Page Support: Disabled
 NUMA Support: Disabled
 Compressed Oops: Enabled (32-bit)
 Heap Region Size: 1M
 Heap Min Capacity: 8M
 Heap Initial Capacity: 128M
 Heap Max Capacity: 2G
 Pre-touch: Disabled
 Parallel Workers: 4
 Concurrent Workers: 1
 Concurrent Refinement Workers: 4
 Periodic GC: Disabled
Heap:
 garbage-first heap   total 95232K, used 37655K [0x0000000080000000, 0x0000000100000000)
  region size 1024K, 8 young (8192K), 3 survivors (3072K)
 Metaspace       used 37033K, committed 37568K, reserved 1114112K
  class space    used 3967K, committed 4224K, reserved 1048576K
GC Heap History (20 events):
Event: 6.823 GC heap before
{Heap before GC invocations=3 (full 0):
 garbage-first heap   total 131072K, used 87136K [0x0000000080000000, 0x0000000100000000)
  region size 1024K, 71 young (72704K), 2 survivors (2048K)
 Metaspace       used 20314K, committed 20608K, reserved 1114112K
  class space    used 2082K, committed 2240K, reserved 1048576K
}
Event: 6.837 GC heap after
{Heap after GC invocations=4 (full 0):
 garbage-first heap   total 131072K, used 21882K [0x0000000080000000, 0x0000000100000000)
  region size 1024K, 7 young (7168K), 7 survivors (7168K)
 Metaspace       used 20314K, committed 20608K, reserved 1114112K
  class space    used 2082K, committed 2240K, reserved 1048576K
}
Event: 7.376 GC heap before
{Heap before GC invocations=4 (full 0):
 garbage-first heap   total 131072K, used 63866K [0x0000000080000000, 0x0000000100000000)
  region size 1024K, 49 young (50176K), 7 survivors (7168K)
 Metaspace       used 21259K, committed 21504K, reserved 1114112K
  class space    used 2170K, committed 2304K, reserved 1048576K
}
Event: 7.387 GC heap after
{Heap after GC invocations=5 (full 0):
 garbage-first heap   total 131072K, used 22218K [0x0000000080000000, 0x0000000100000000)
  region size 1024K, 1 young (1024K), 1 survivors (1024K)
 Metaspace       used 21259K, committed 21504K, reserved 1114112K
  class space    used 2170K, committed 2304K, reserved 1048576K
}
Event: 9.082 GC heap before
{Heap before GC invocations=6 (full 0):
 garbage-first heap   total 78848K, used 68298K [0x0000000080000000, 0x0000000100000000)
  region size 1024K, 46 young (47104K), 1 survivors (1024K)
 Metaspace       used 28692K, committed 29056K, reserved 1114112K
  class space    used 3031K, committed 3200K, reserved 1048576K
}
Event: 9.094 GC heap after
{Heap after GC invocations=7 (full 0):
 garbage-first heap   total 78848K, used 25472K [0x0000000080000000, 0x0000000100000000)
  region size 1024K, 5 young (5120K), 5 survivors (5120K)
 Metaspace       used 28692K, committed 29056K, reserved 1114112K
  class space    used 3031K, committed 3200K, reserved 1048576K
}
Event: 9.400 GC heap before
{Heap before GC invocations=7 (full 0):
 garbage-first heap   total 78848K, used 59264K [0x0000000080000000, 0x0000000100000000)
  region size 1024K, 35 young (35840K), 5 survivors (5120K)
 Metaspace       used 29915K, committed 30208K, reserved 1114112K
  class space    used 3112K, committed 3264K, reserved 1048576K
}
Event: 9.411 GC heap after
{Heap after GC invocations=8 (full 0):
 garbage-first heap   total 78848K, used 26448K [0x0000000080000000, 0x0000000100000000)
  region size 1024K, 1 young (1024K), 1 survivors (1024K)
 Metaspace       used 29915K, committed 30208K, reserved 1114112K
  class space    used 3112K, committed 3264K, reserved 1048576K
}
Event: 9.826 GC heap before
{Heap before GC invocations=8 (full 0):
 garbage-first heap   total 78848K, used 59216K [0x0000000080000000, 0x0000000100000000)
  region size 1024K, 33 young (33792K), 1 survivors (1024K)
 Metaspace       used 31150K, committed 31552K, reserved 1114112K
  class space    used 3267K, committed 3456K, reserved 1048576K
}
Event: 9.831 GC heap after
{Heap after GC invocations=9 (full 0):
 garbage-first heap   total 78848K, used 26448K [0x0000000080000000, 0x0000000100000000)
  region size 1024K, 1 young (1024K), 1 survivors (1024K)
 Metaspace       used 31150K, committed 31552K, reserved 1114112K
  class space    used 3267K, committed 3456K, reserved 1048576K
}
Event: 10.372 GC heap before
{Heap before GC invocations=9 (full 0):
 garbage-first heap   total 78848K, used 60240K [0x0000000080000000, 0x0000000100000000)
  region size 1024K, 34 young (34816K), 1 survivors (1024K)
 Metaspace       used 32026K, committed 32512K, reserved 1114112K
  class space    used 3350K, committed 3584K, reserved 1048576K
}
Event: 10.379 GC heap after
{Heap after GC invocations=10 (full 0):
 garbage-first heap   total 78848K, used 27575K [0x0000000080000000, 0x0000000100000000)
  region size 1024K, 3 young (3072K), 3 survivors (3072K)
 Metaspace       used 32026K, committed 32512K, reserved 1114112K
  class space    used 3350K, committed 3584K, reserved 1048576K
}
Event: 11.227 GC heap before
{Heap before GC invocations=10 (full 0):
 garbage-first heap   total 78848K, used 60343K [0x0000000080000000, 0x0000000100000000)
  region size 1024K, 35 young (35840K), 3 survivors (3072K)
 Metaspace       used 32527K, committed 32960K, reserved 1114112K
  class space    used 3389K, committed 3584K, reserved 1048576K
}
Event: 11.238 GC heap after
{Heap after GC invocations=11 (full 0):
 garbage-first heap   total 78848K, used 29035K [0x0000000080000000, 0x0000000100000000)
  region size 1024K, 4 young (4096K), 4 survivors (4096K)
 Metaspace       used 32527K, committed 32960K, reserved 1114112K
  class space    used 3389K, committed 3584K, reserved 1048576K
}
Event: 11.484 GC heap before
{Heap before GC invocations=11 (full 0):
 garbage-first heap   total 78848K, used 61803K [0x0000000080000000, 0x0000000100000000)
  region size 1024K, 36 young (36864K), 4 survivors (4096K)
 Metaspace       used 32598K, committed 33024K, reserved 1114112K
  class space    used 3397K, committed 3584K, reserved 1048576K
}
Event: 11.497 GC heap after
{Heap after GC invocations=12 (full 0):
 garbage-first heap   total 95232K, used 31045K [0x0000000080000000, 0x0000000100000000)
  region size 1024K, 4 young (4096K), 4 survivors (4096K)
 Metaspace       used 32598K, committed 33024K, reserved 1114112K
  class space    used 3397K, committed 3584K, reserved 1048576K
}
Event: 13.514 GC heap before
{Heap before GC invocations=12 (full 0):
 garbage-first heap   total 95232K, used 76101K [0x0000000080000000, 0x0000000100000000)
  region size 1024K, 48 young (49152K), 4 survivors (4096K)
 Metaspace       used 34962K, committed 35520K, reserved 1114112K
  class space    used 3699K, committed 3968K, reserved 1048576K
}
Event: 13.533 GC heap after
{Heap after GC invocations=13 (full 0):
 garbage-first heap   total 95232K, used 33497K [0x0000000080000000, 0x0000000100000000)
  region size 1024K, 5 young (5120K), 5 survivors (5120K)
 Metaspace       used 34962K, committed 35520K, reserved 1114112K
  class space    used 3699K, committed 3968K, reserved 1048576K
}
Event: 13.655 GC heap before
{Heap before GC invocations=13 (full 0):
 garbage-first heap   total 95232K, used 35545K [0x0000000080000000, 0x0000000100000000)
  region size 1024K, 8 young (8192K), 5 survivors (5120K)
 Metaspace       used 35460K, committed 35968K, reserved 1114112K
  class space    used 3782K, committed 4032K, reserved 1048576K
}
Event: 13.670 GC heap after
{Heap after GC invocations=14 (full 0):
 garbage-first heap   total 95232K, used 33559K [0x0000000080000000, 0x0000000100000000)
  region size 1024K, 3 young (3072K), 3 survivors (3072K)
 Metaspace       used 35460K, committed 35968K, reserved 1114112K
  class space    used 3782K, committed 4032K, reserved 1048576K
}

