# JRE version: OpenJDK Runtime Environment Temurin-17.0.7+7 (17.0.7+7) (build 17.0.7+7)
# Java VM: OpenJDK 64-Bit Server VM Temurin-17.0.7+7 (17.0.7+7, mixed mode, tiered, compressed oops, compressed class ptrs, g1 gc, windows-amd64)
GC Precious Log:
 CPUs: 4 total, 4 available
 Memory: 8090M
 Large Page Support: Disabled
 NUMA Support: Disabled
 Compressed Oops: Enabled (32-bit)
 Heap Region Size: 1M
 Heap Min Capacity: 8M
 Heap Initial Capacity: 128M
 Heap Max Capacity: 2G
 Pre-touch: Disabled
 Parallel Workers: 4
 Concurrent Workers: 1
 Concurrent Refinement Workers: 4
 Periodic GC: Disabled
Heap:
 garbage-first heap   total 95232K, used 35477K [0x0000000080000000, 0x0000000100000000)
  region size 1024K, 7 young (7168K), 5 survivors (5120K)
 Metaspace       used 35821K, committed 36352K, reserved 1114112K
  class space    used 3831K, committed 4096K, reserved 1048576K
GC Heap History (20 events):
Event: 4.286 GC heap before
{Heap before GC invocations=3 (full 0):
 garbage-first heap   total 131072K, used 91436K [0x0000000080000000, 0x0000000100000000)
  region size 1024K, 75 young (76800K), 2 survivors (2048K)
 Metaspace       used 20293K, committed 20544K, reserved 1114112K
  class space    used 2081K, committed 2240K, reserved 1048576K
}
Event: 4.302 GC heap after
{Heap after GC invocations=4 (full 0):
 garbage-first heap   total 131072K, used 22074K [0x0000000080000000, 0x0000000100000000)
  region size 1024K, 7 young (7168K), 7 survivors (7168K)
 Metaspace       used 20293K, committed 20544K, reserved 1114112K
  class space    used 2081K, committed 2240K, reserved 1048576K
}
Event: 4.776 GC heap before
{Heap before GC invocations=4 (full 0):
 garbage-first heap   total 131072K, used 59962K [0x0000000080000000, 0x0000000100000000)
  region size 1024K, 45 young (46080K), 7 survivors (7168K)
 Metaspace       used 21252K, committed 21504K, reserved 1114112K
  class space    used 2170K, committed 2304K, reserved 1048576K
}
Event: 4.789 GC heap after
{Heap after GC invocations=5 (full 0):
 garbage-first heap   total 131072K, used 22420K [0x0000000080000000, 0x0000000100000000)
  region size 1024K, 1 young (1024K), 1 survivors (1024K)
 Metaspace       used 21252K, committed 21504K, reserved 1114112K
  class space    used 2170K, committed 2304K, reserved 1048576K
}
Event: 6.707 GC heap before
{Heap before GC invocations=6 (full 0):
 garbage-first heap   total 78848K, used 68500K [0x0000000080000000, 0x0000000100000000)
  region size 1024K, 46 young (47104K), 1 survivors (1024K)
 Metaspace       used 28661K, committed 29056K, reserved 1114112K
  class space    used 3028K, committed 3200K, reserved 1048576K
}
Event: 6.721 GC heap after
{Heap after GC invocations=7 (full 0):
 garbage-first heap   total 78848K, used 25684K [0x0000000080000000, 0x0000000100000000)
  region size 1024K, 5 young (5120K), 5 survivors (5120K)
 Metaspace       used 28661K, committed 29056K, reserved 1114112K
  class space    used 3028K, committed 3200K, reserved 1048576K
}
Event: 7.060 GC heap before
{Heap before GC invocations=7 (full 0):
 garbage-first heap   total 78848K, used 59476K [0x0000000080000000, 0x0000000100000000)
  region size 1024K, 35 young (35840K), 5 survivors (5120K)
 Metaspace       used 29900K, committed 30272K, reserved 1114112K
  class space    used 3111K, committed 3264K, reserved 1048576K
}
Event: 7.072 GC heap after
{Heap after GC invocations=8 (full 0):
 garbage-first heap   total 78848K, used 26328K [0x0000000080000000, 0x0000000100000000)
  region size 1024K, 1 young (1024K), 1 survivors (1024K)
 Metaspace       used 29900K, committed 30272K, reserved 1114112K
  class space    used 3111K, committed 3264K, reserved 1048576K
}
Event: 7.468 GC heap before
{Heap before GC invocations=8 (full 0):
 garbage-first heap   total 78848K, used 59096K [0x0000000080000000, 0x0000000100000000)
  region size 1024K, 33 young (33792K), 1 survivors (1024K)
 Metaspace       used 31120K, committed 31488K, reserved 1114112K
  class space    used 3264K, committed 3456K, reserved 1048576K
}
Event: 7.474 GC heap after
{Heap after GC invocations=9 (full 0):
 garbage-first heap   total 78848K, used 26645K [0x0000000080000000, 0x0000000100000000)
  region size 1024K, 1 young (1024K), 1 survivors (1024K)
 Metaspace       used 31120K, committed 31488K, reserved 1114112K
  class space    used 3264K, committed 3456K, reserved 1048576K
}
Event: 7.840 GC heap before
{Heap before GC invocations=9 (full 0):
 garbage-first heap   total 78848K, used 60437K [0x0000000080000000, 0x0000000100000000)
  region size 1024K, 34 young (34816K), 1 survivors (1024K)
 Metaspace       used 31876K, committed 32320K, reserved 1114112K
  class space    used 3332K, committed 3520K, reserved 1048576K
}
Event: 7.846 GC heap after
{Heap after GC invocations=10 (full 0):
 garbage-first heap   total 78848K, used 27684K [0x0000000080000000, 0x0000000100000000)
  region size 1024K, 2 young (2048K), 2 survivors (2048K)
 Metaspace       used 31876K, committed 32320K, reserved 1114112K
  class space    used 3332K, committed 3520K, reserved 1048576K
}
Event: 8.342 GC heap before
{Heap before GC invocations=10 (full 0):
 garbage-first heap   total 78848K, used 61476K [0x0000000080000000, 0x0000000100000000)
  region size 1024K, 35 young (35840K), 2 survivors (2048K)
 Metaspace       used 32472K, committed 32832K, reserved 1114112K
  class space    used 3391K, committed 3584K, reserved 1048576K
}
Event: 8.352 GC heap after
{Heap after GC invocations=11 (full 0):
 garbage-first heap   total 95232K, used 29063K [0x0000000080000000, 0x0000000100000000)
  region size 1024K, 4 young (4096K), 4 survivors (4096K)
 Metaspace       used 32472K, committed 32832K, reserved 1114112K
  class space    used 3391K, committed 3584K, reserved 1048576K
}
Event: 8.992 GC heap before
{Heap before GC invocations=11 (full 0):
 garbage-first heap   total 95232K, used 75143K [0x0000000080000000, 0x0000000100000000)
  region size 1024K, 49 young (50176K), 4 survivors (4096K)
 Metaspace       used 32634K, committed 33024K, reserved 1114112K
  class space    used 3398K, committed 3584K, reserved 1048576K
}
Event: 9.001 GC heap after
{Heap after GC invocations=12 (full 0):
 garbage-first heap   total 95232K, used 30319K [0x0000000080000000, 0x0000000100000000)
  region size 1024K, 5 young (5120K), 5 survivors (5120K)
 Metaspace       used 32634K, committed 33024K, reserved 1114112K
  class space    used 3398K, committed 3584K, reserved 1048576K
}
Event: 10.064 GC heap before
{Heap before GC invocations=12 (full 0):
 garbage-first heap   total 95232K, used 76399K [0x0000000080000000, 0x0000000100000000)
  region size 1024K, 50 young (51200K), 5 survivors (5120K)
 Metaspace       used 34396K, committed 34880K, reserved 1114112K
  class space    used 3622K, committed 3840K, reserved 1048576K
}
Event: 10.081 GC heap after
{Heap after GC invocations=13 (full 0):
 garbage-first heap   total 95232K, used 33141K [0x0000000080000000, 0x0000000100000000)
  region size 1024K, 7 young (7168K), 7 survivors (7168K)
 Metaspace       used 34396K, committed 34880K, reserved 1114112K
  class space    used 3622K, committed 3840K, reserved 1048576K
}
Event: 10.570 GC heap before
{Heap before GC invocations=13 (full 0):
 garbage-first heap   total 95232K, used 45429K [0x0000000080000000, 0x0000000100000000)
  region size 1024K, 20 young (20480K), 7 survivors (7168K)
 Metaspace       used 35470K, committed 35968K, reserved 1114112K
  class space    used 3788K, committed 4032K, reserved 1048576K
}
Event: 10.588 GC heap after
{Heap after GC invocations=14 (full 0):
 garbage-first heap   total 95232K, used 34453K [0x0000000080000000, 0x0000000100000000)
  region size 1024K, 5 young (5120K), 5 survivors (5120K)
 Metaspace       used 35470K, committed 35968K, reserved 1114112K
  class space    used 3788K, committed 4032K, reserved 1048576K
}

