# JRE version: OpenJDK Runtime Environment Temurin-17.0.7+7 (17.0.7+7) (build 17.0.7+7)
# Java VM: OpenJDK 64-Bit Server VM Temurin-17.0.7+7 (17.0.7+7, mixed mode, tiered, compressed oops, compressed class ptrs, g1 gc, windows-amd64)
GC Precious Log:
 CPUs: 4 total, 4 available
 Memory: 8090M
 Large Page Support: Disabled
 NUMA Support: Disabled
 Compressed Oops: Enabled (32-bit)
 Heap Region Size: 1M
 Heap Min Capacity: 8M
 Heap Initial Capacity: 128M
 Heap Max Capacity: 2G
 Pre-touch: Disabled
 Parallel Workers: 4
 Concurrent Workers: 1
 Concurrent Refinement Workers: 4
 Periodic GC: Disabled
Heap:
 garbage-first heap   total 98304K, used 50864K [0x0000000080000000, 0x0000000100000000)
  region size 1024K, 22 young (22528K), 5 survivors (5120K)
 Metaspace       used 38869K, committed 39424K, reserved 1114112K
  class space    used 4245K, committed 4480K, reserved 1048576K
GC Heap History (20 events):
Event: 5.494 GC heap before
{Heap before GC invocations=3 (full 0):
 garbage-first heap   total 131072K, used 90641K [0x0000000080000000, 0x0000000100000000)
  region size 1024K, 75 young (76800K), 2 survivors (2048K)
 Metaspace       used 20328K, committed 20608K, reserved 1114112K
  class space    used 2082K, committed 2240K, reserved 1048576K
}
Event: 5.508 GC heap after
{Heap after GC invocations=4 (full 0):
 garbage-first heap   total 131072K, used 22342K [0x0000000080000000, 0x0000000100000000)
  region size 1024K, 7 young (7168K), 7 survivors (7168K)
 Metaspace       used 20328K, committed 20608K, reserved 1114112K
  class space    used 2082K, committed 2240K, reserved 1048576K
}
Event: 6.131 GC heap before
{Heap before GC invocations=4 (full 0):
 garbage-first heap   total 131072K, used 61254K [0x0000000080000000, 0x0000000100000000)
  region size 1024K, 46 young (47104K), 7 survivors (7168K)
 Metaspace       used 21264K, committed 21504K, reserved 1114112K
  class space    used 2170K, committed 2304K, reserved 1048576K
}
Event: 6.143 GC heap after
{Heap after GC invocations=5 (full 0):
 garbage-first heap   total 131072K, used 22675K [0x0000000080000000, 0x0000000100000000)
  region size 1024K, 1 young (1024K), 1 survivors (1024K)
 Metaspace       used 21264K, committed 21504K, reserved 1114112K
  class space    used 2170K, committed 2304K, reserved 1048576K
}
Event: 8.346 GC heap before
{Heap before GC invocations=6 (full 0):
 garbage-first heap   total 81920K, used 69779K [0x0000000080000000, 0x0000000100000000)
  region size 1024K, 48 young (49152K), 1 survivors (1024K)
 Metaspace       used 28708K, committed 29056K, reserved 1114112K
  class space    used 3029K, committed 3200K, reserved 1048576K
}
Event: 8.361 GC heap after
{Heap after GC invocations=7 (full 0):
 garbage-first heap   total 81920K, used 25942K [0x0000000080000000, 0x0000000100000000)
  region size 1024K, 5 young (5120K), 5 survivors (5120K)
 Metaspace       used 28708K, committed 29056K, reserved 1114112K
  class space    used 3029K, committed 3200K, reserved 1048576K
}
Event: 8.772 GC heap before
{Heap before GC invocations=7 (full 0):
 garbage-first heap   total 81920K, used 61782K [0x0000000080000000, 0x0000000100000000)
  region size 1024K, 37 young (37888K), 5 survivors (5120K)
 Metaspace       used 29936K, committed 30272K, reserved 1114112K
  class space    used 3112K, committed 3264K, reserved 1048576K
}
Event: 8.783 GC heap after
{Heap after GC invocations=8 (full 0):
 garbage-first heap   total 81920K, used 27029K [0x0000000080000000, 0x0000000100000000)
  region size 1024K, 1 young (1024K), 1 survivors (1024K)
 Metaspace       used 29936K, committed 30272K, reserved 1114112K
  class space    used 3112K, committed 3264K, reserved 1048576K
}
Event: 9.396 GC heap before
{Heap before GC invocations=8 (full 0):
 garbage-first heap   total 81920K, used 60821K [0x0000000080000000, 0x0000000100000000)
  region size 1024K, 34 young (34816K), 1 survivors (1024K)
 Metaspace       used 31191K, committed 31552K, reserved 1114112K
  class space    used 3265K, committed 3456K, reserved 1048576K
}
Event: 9.401 GC heap after
{Heap after GC invocations=9 (full 0):
 garbage-first heap   total 81920K, used 27156K [0x0000000080000000, 0x0000000100000000)
  region size 1024K, 2 young (2048K), 2 survivors (2048K)
 Metaspace       used 31191K, committed 31552K, reserved 1114112K
  class space    used 3265K, committed 3456K, reserved 1048576K
}
Event: 9.787 GC heap before
{Heap before GC invocations=9 (full 0):
 garbage-first heap   total 81920K, used 61972K [0x0000000080000000, 0x0000000100000000)
  region size 1024K, 36 young (36864K), 2 survivors (2048K)
 Metaspace       used 31915K, committed 32320K, reserved 1114112K
  class space    used 3333K, committed 3520K, reserved 1048576K
}
Event: 9.791 GC heap after
{Heap after GC invocations=10 (full 0):
 garbage-first heap   total 81920K, used 28053K [0x0000000080000000, 0x0000000100000000)
  region size 1024K, 2 young (2048K), 2 survivors (2048K)
 Metaspace       used 31915K, committed 32320K, reserved 1114112K
  class space    used 3333K, committed 3520K, reserved 1048576K
}
Event: 11.024 GC heap before
{Heap before GC invocations=10 (full 0):
 garbage-first heap   total 81920K, used 63893K [0x0000000080000000, 0x0000000100000000)
  region size 1024K, 37 young (37888K), 2 survivors (2048K)
 Metaspace       used 32552K, committed 32960K, reserved 1114112K
  class space    used 3392K, committed 3584K, reserved 1048576K
}
Event: 11.034 GC heap after
{Heap after GC invocations=11 (full 0):
 garbage-first heap   total 81920K, used 29602K [0x0000000080000000, 0x0000000100000000)
  region size 1024K, 4 young (4096K), 4 survivors (4096K)
 Metaspace       used 32552K, committed 32960K, reserved 1114112K
  class space    used 3392K, committed 3584K, reserved 1048576K
}
Event: 11.634 GC heap before
{Heap before GC invocations=11 (full 0):
 garbage-first heap   total 81920K, used 64418K [0x0000000080000000, 0x0000000100000000)
  region size 1024K, 38 young (38912K), 4 survivors (4096K)
 Metaspace       used 32665K, committed 33088K, reserved 1114112K
  class space    used 3399K, committed 3584K, reserved 1048576K
}
Event: 11.645 GC heap after
{Heap after GC invocations=12 (full 0):
 garbage-first heap   total 81920K, used 30473K [0x0000000080000000, 0x0000000100000000)
  region size 1024K, 4 young (4096K), 4 survivors (4096K)
 Metaspace       used 32665K, committed 33088K, reserved 1114112K
  class space    used 3399K, committed 3584K, reserved 1048576K
}
Event: 12.655 GC heap before
{Heap before GC invocations=12 (full 0):
 garbage-first heap   total 81920K, used 65289K [0x0000000080000000, 0x0000000100000000)
  region size 1024K, 38 young (38912K), 4 survivors (4096K)
 Metaspace       used 33393K, committed 33856K, reserved 1114112K
  class space    used 3459K, committed 3712K, reserved 1048576K
}
Event: 12.672 GC heap after
{Heap after GC invocations=13 (full 0):
 garbage-first heap   total 98304K, used 33084K [0x0000000080000000, 0x0000000100000000)
  region size 1024K, 5 young (5120K), 5 survivors (5120K)
 Metaspace       used 33393K, committed 33856K, reserved 1114112K
  class space    used 3459K, committed 3712K, reserved 1048576K
}
Event: 18.833 GC heap before
{Heap before GC invocations=13 (full 0):
 garbage-first heap   total 98304K, used 57660K [0x0000000080000000, 0x0000000100000000)
  region size 1024K, 30 young (30720K), 5 survivors (5120K)
 Metaspace       used 35604K, committed 36096K, reserved 1114112K
  class space    used 3796K, committed 4032K, reserved 1048576K
}
Event: 18.850 GC heap after
{Heap after GC invocations=14 (full 0):
 garbage-first heap   total 98304K, used 34480K [0x0000000080000000, 0x0000000100000000)
  region size 1024K, 5 young (5120K), 5 survivors (5120K)
 Metaspace       used 35604K, committed 36096K, reserved 1114112K
  class space    used 3796K, committed 4032K, reserved 1048576K
}

