# JRE version: OpenJDK Runtime Environment Temurin-17.0.7+7 (17.0.7+7) (build 17.0.7+7)
# Java VM: OpenJDK 64-Bit Server VM Temurin-17.0.7+7 (17.0.7+7, mixed mode, tiered, compressed oops, compressed class ptrs, g1 gc, windows-amd64)
GC Precious Log:
 CPUs: 4 total, 4 available
 Memory: 8090M
 Large Page Support: Disabled
 NUMA Support: Disabled
 Compressed Oops: Enabled (32-bit)
 Heap Region Size: 1M
 Heap Min Capacity: 8M
 Heap Initial Capacity: 128M
 Heap Max Capacity: 2G
 Pre-touch: Disabled
 Parallel Workers: 4
 Concurrent Workers: 1
 Concurrent Refinement Workers: 4
 Periodic GC: Disabled
Heap:
 garbage-first heap   total 78848K, used 59362K [0x0000000080000000, 0x0000000100000000)
  region size 1024K, 31 young (31744K), 4 survivors (4096K)
 Metaspace       used 40535K, committed 41088K, reserved 1114112K
  class space    used 4483K, committed 4736K, reserved 1048576K
GC Heap History (20 events):
Event: 2.774 GC heap before
{Heap before GC invocations=2 (full 0):
 garbage-first heap   total 131072K, used 30138K [0x0000000080000000, 0x0000000100000000)
  region size 1024K, 17 young (17408K), 2 survivors (2048K)
 Metaspace       used 10568K, committed 10752K, reserved 1114112K
  class space    used 902K, committed 960K, reserved 1048576K
}
Event: 2.779 GC heap after
{Heap after GC invocations=3 (full 0):
 garbage-first heap   total 131072K, used 16728K [0x0000000080000000, 0x0000000100000000)
  region size 1024K, 2 young (2048K), 2 survivors (2048K)
 Metaspace       used 10568K, committed 10752K, reserved 1114112K
  class space    used 902K, committed 960K, reserved 1048576K
}
Event: 6.318 GC heap before
{Heap before GC invocations=3 (full 0):
 garbage-first heap   total 131072K, used 91480K [0x0000000080000000, 0x0000000100000000)
  region size 1024K, 75 young (76800K), 2 survivors (2048K)
 Metaspace       used 20326K, committed 20608K, reserved 1114112K
  class space    used 2082K, committed 2240K, reserved 1048576K
}
Event: 6.333 GC heap after
{Heap after GC invocations=4 (full 0):
 garbage-first heap   total 131072K, used 22202K [0x0000000080000000, 0x0000000100000000)
  region size 1024K, 7 young (7168K), 7 survivors (7168K)
 Metaspace       used 20326K, committed 20608K, reserved 1114112K
  class space    used 2082K, committed 2240K, reserved 1048576K
}
Event: 6.956 GC heap before
{Heap before GC invocations=4 (full 0):
 garbage-first heap   total 131072K, used 60090K [0x0000000080000000, 0x0000000100000000)
  region size 1024K, 45 young (46080K), 7 survivors (7168K)
 Metaspace       used 21299K, committed 21504K, reserved 1114112K
  class space    used 2170K, committed 2304K, reserved 1048576K
}
Event: 6.970 GC heap after
{Heap after GC invocations=5 (full 0):
 garbage-first heap   total 131072K, used 22467K [0x0000000080000000, 0x0000000100000000)
  region size 1024K, 1 young (1024K), 1 survivors (1024K)
 Metaspace       used 21299K, committed 21504K, reserved 1114112K
  class space    used 2170K, committed 2304K, reserved 1048576K
}
Event: 9.097 GC heap before
{Heap before GC invocations=6 (full 0):
 garbage-first heap   total 78848K, used 68547K [0x0000000080000000, 0x0000000100000000)
  region size 1024K, 46 young (47104K), 1 survivors (1024K)
 Metaspace       used 28705K, committed 29056K, reserved 1114112K
  class space    used 3029K, committed 3200K, reserved 1048576K
}
Event: 9.113 GC heap after
{Heap after GC invocations=7 (full 0):
 garbage-first heap   total 78848K, used 25719K [0x0000000080000000, 0x0000000100000000)
  region size 1024K, 5 young (5120K), 5 survivors (5120K)
 Metaspace       used 28705K, committed 29056K, reserved 1114112K
  class space    used 3029K, committed 3200K, reserved 1048576K
}
Event: 9.580 GC heap before
{Heap before GC invocations=7 (full 0):
 garbage-first heap   total 78848K, used 59511K [0x0000000080000000, 0x0000000100000000)
  region size 1024K, 36 young (36864K), 5 survivors (5120K)
 Metaspace       used 29928K, committed 30272K, reserved 1114112K
  class space    used 3112K, committed 3264K, reserved 1048576K
}
Event: 9.592 GC heap after
{Heap after GC invocations=8 (full 0):
 garbage-first heap   total 78848K, used 26695K [0x0000000080000000, 0x0000000100000000)
  region size 1024K, 1 young (1024K), 1 survivors (1024K)
 Metaspace       used 29928K, committed 30272K, reserved 1114112K
  class space    used 3112K, committed 3264K, reserved 1048576K
}
Event: 10.336 GC heap before
{Heap before GC invocations=8 (full 0):
 garbage-first heap   total 78848K, used 59463K [0x0000000080000000, 0x0000000100000000)
  region size 1024K, 33 young (33792K), 1 survivors (1024K)
 Metaspace       used 31154K, committed 31552K, reserved 1114112K
  class space    used 3266K, committed 3456K, reserved 1048576K
}
Event: 10.341 GC heap after
{Heap after GC invocations=9 (full 0):
 garbage-first heap   total 78848K, used 26702K [0x0000000080000000, 0x0000000100000000)
  region size 1024K, 1 young (1024K), 1 survivors (1024K)
 Metaspace       used 31154K, committed 31552K, reserved 1114112K
  class space    used 3266K, committed 3456K, reserved 1048576K
}
Event: 11.161 GC heap before
{Heap before GC invocations=9 (full 0):
 garbage-first heap   total 78848K, used 60494K [0x0000000080000000, 0x0000000100000000)
  region size 1024K, 34 young (34816K), 1 survivors (1024K)
 Metaspace       used 32056K, committed 32512K, reserved 1114112K
  class space    used 3349K, committed 3584K, reserved 1048576K
}
Event: 11.170 GC heap after
{Heap after GC invocations=10 (full 0):
 garbage-first heap   total 78848K, used 27934K [0x0000000080000000, 0x0000000100000000)
  region size 1024K, 3 young (3072K), 3 survivors (3072K)
 Metaspace       used 32056K, committed 32512K, reserved 1114112K
  class space    used 3349K, committed 3584K, reserved 1048576K
}
Event: 12.123 GC heap before
{Heap before GC invocations=10 (full 0):
 garbage-first heap   total 78848K, used 60702K [0x0000000080000000, 0x0000000100000000)
  region size 1024K, 35 young (35840K), 3 survivors (3072K)
 Metaspace       used 32470K, committed 32896K, reserved 1114112K
  class space    used 3382K, committed 3584K, reserved 1048576K
}
Event: 12.131 GC heap after
{Heap after GC invocations=11 (full 0):
 garbage-first heap   total 78848K, used 29118K [0x0000000080000000, 0x0000000100000000)
  region size 1024K, 4 young (4096K), 4 survivors (4096K)
 Metaspace       used 32470K, committed 32896K, reserved 1114112K
  class space    used 3382K, committed 3584K, reserved 1048576K
}
Event: 12.598 GC heap before
{Heap before GC invocations=11 (full 0):
 garbage-first heap   total 78848K, used 61886K [0x0000000080000000, 0x0000000100000000)
  region size 1024K, 36 young (36864K), 4 survivors (4096K)
 Metaspace       used 32958K, committed 33408K, reserved 1114112K
  class space    used 3429K, committed 3648K, reserved 1048576K
}
Event: 12.616 GC heap after
{Heap after GC invocations=12 (full 0):
 garbage-first heap   total 78848K, used 31027K [0x0000000080000000, 0x0000000100000000)
  region size 1024K, 5 young (5120K), 5 survivors (5120K)
 Metaspace       used 32958K, committed 33408K, reserved 1114112K
  class space    used 3429K, committed 3648K, reserved 1048576K
}
Event: 19.058 GC heap before
{Heap before GC invocations=12 (full 0):
 garbage-first heap   total 78848K, used 59699K [0x0000000080000000, 0x0000000100000000)
  region size 1024K, 34 young (34816K), 5 survivors (5120K)
 Metaspace       used 35516K, committed 35968K, reserved 1114112K
  class space    used 3796K, committed 4032K, reserved 1048576K
}
Event: 19.069 GC heap after
{Heap after GC invocations=13 (full 0):
 garbage-first heap   total 78848K, used 32738K [0x0000000080000000, 0x0000000100000000)
  region size 1024K, 4 young (4096K), 4 survivors (4096K)
 Metaspace       used 35516K, committed 35968K, reserved 1114112K
  class space    used 3796K, committed 4032K, reserved 1048576K
}

