# JRE version: OpenJDK Runtime Environment Temurin-17.0.7+7 (17.0.7+7) (build 17.0.7+7)
# Java VM: OpenJDK 64-Bit Server VM Temurin-17.0.7+7 (17.0.7+7, mixed mode, tiered, compressed oops, compressed class ptrs, g1 gc, windows-amd64)
GC Precious Log:
 CPUs: 4 total, 4 available
 Memory: 8090M
 Large Page Support: Disabled
 NUMA Support: Disabled
 Compressed Oops: Enabled (32-bit)
 Heap Region Size: 1M
 Heap Min Capacity: 8M
 Heap Initial Capacity: 128M
 Heap Max Capacity: 2G
 Pre-touch: Disabled
 Parallel Workers: 4
 Concurrent Workers: 1
 Concurrent Refinement Workers: 4
 Periodic GC: Disabled
Heap:
 garbage-first heap   total 95232K, used 70022K [0x0000000080000000, 0x0000000100000000)
  region size 1024K, 42 young (43008K), 5 survivors (5120K)
 Metaspace       used 42115K, committed 42624K, reserved 1114112K
  class space    used 4677K, committed 4928K, reserved 1048576K
GC Heap History (20 events):
Event: 2.192 GC heap before
{Heap before GC invocations=2 (full 0):
 garbage-first heap   total 131072K, used 30297K [0x0000000080000000, 0x0000000100000000)
  region size 1024K, 17 young (17408K), 2 survivors (2048K)
 Metaspace       used 10475K, committed 10624K, reserved 1114112K
  class space    used 890K, committed 960K, reserved 1048576K
}
Event: 2.197 GC heap after
{Heap after GC invocations=3 (full 0):
 garbage-first heap   total 131072K, used 16677K [0x0000000080000000, 0x0000000100000000)
  region size 1024K, 2 young (2048K), 2 survivors (2048K)
 Metaspace       used 10475K, committed 10624K, reserved 1114112K
  class space    used 890K, committed 960K, reserved 1048576K
}
Event: 4.844 GC heap before
{Heap before GC invocations=3 (full 0):
 garbage-first heap   total 131072K, used 91429K [0x0000000080000000, 0x0000000100000000)
  region size 1024K, 76 young (77824K), 2 survivors (2048K)
 Metaspace       used 20312K, committed 20608K, reserved 1114112K
  class space    used 2081K, committed 2240K, reserved 1048576K
}
Event: 4.859 GC heap after
{Heap after GC invocations=4 (full 0):
 garbage-first heap   total 131072K, used 22156K [0x0000000080000000, 0x0000000100000000)
  region size 1024K, 7 young (7168K), 7 survivors (7168K)
 Metaspace       used 20312K, committed 20608K, reserved 1114112K
  class space    used 2081K, committed 2240K, reserved 1048576K
}
Event: 5.316 GC heap before
{Heap before GC invocations=4 (full 0):
 garbage-first heap   total 131072K, used 59020K [0x0000000080000000, 0x0000000100000000)
  region size 1024K, 44 young (45056K), 7 survivors (7168K)
 Metaspace       used 21252K, committed 21504K, reserved 1114112K
  class space    used 2169K, committed 2304K, reserved 1048576K
}
Event: 5.330 GC heap after
{Heap after GC invocations=5 (full 0):
 garbage-first heap   total 131072K, used 22413K [0x0000000080000000, 0x0000000100000000)
  region size 1024K, 1 young (1024K), 1 survivors (1024K)
 Metaspace       used 21252K, committed 21504K, reserved 1114112K
  class space    used 2169K, committed 2304K, reserved 1048576K
}
Event: 7.238 GC heap before
{Heap before GC invocations=6 (full 0):
 garbage-first heap   total 78848K, used 68493K [0x0000000080000000, 0x0000000100000000)
  region size 1024K, 46 young (47104K), 1 survivors (1024K)
 Metaspace       used 28702K, committed 29056K, reserved 1114112K
  class space    used 3029K, committed 3200K, reserved 1048576K
}
Event: 7.252 GC heap after
{Heap after GC invocations=7 (full 0):
 garbage-first heap   total 78848K, used 25686K [0x0000000080000000, 0x0000000100000000)
  region size 1024K, 5 young (5120K), 5 survivors (5120K)
 Metaspace       used 28702K, committed 29056K, reserved 1114112K
  class space    used 3029K, committed 3200K, reserved 1048576K
}
Event: 7.609 GC heap before
{Heap before GC invocations=7 (full 0):
 garbage-first heap   total 78848K, used 59478K [0x0000000080000000, 0x0000000100000000)
  region size 1024K, 36 young (36864K), 5 survivors (5120K)
 Metaspace       used 29924K, committed 30272K, reserved 1114112K
  class space    used 3112K, committed 3264K, reserved 1048576K
}
Event: 7.621 GC heap after
{Heap after GC invocations=8 (full 0):
 garbage-first heap   total 78848K, used 26664K [0x0000000080000000, 0x0000000100000000)
  region size 1024K, 1 young (1024K), 1 survivors (1024K)
 Metaspace       used 29924K, committed 30272K, reserved 1114112K
  class space    used 3112K, committed 3264K, reserved 1048576K
}
Event: 8.076 GC heap before
{Heap before GC invocations=8 (full 0):
 garbage-first heap   total 78848K, used 59432K [0x0000000080000000, 0x0000000100000000)
  region size 1024K, 33 young (33792K), 1 survivors (1024K)
 Metaspace       used 31154K, committed 31552K, reserved 1114112K
  class space    used 3265K, committed 3456K, reserved 1048576K
}
Event: 8.081 GC heap after
{Heap after GC invocations=9 (full 0):
 garbage-first heap   total 78848K, used 26791K [0x0000000080000000, 0x0000000100000000)
  region size 1024K, 2 young (2048K), 2 survivors (2048K)
 Metaspace       used 31154K, committed 31552K, reserved 1114112K
  class space    used 3265K, committed 3456K, reserved 1048576K
}
Event: 8.491 GC heap before
{Heap before GC invocations=9 (full 0):
 garbage-first heap   total 78848K, used 59559K [0x0000000080000000, 0x0000000100000000)
  region size 1024K, 34 young (34816K), 2 survivors (2048K)
 Metaspace       used 32004K, committed 32512K, reserved 1114112K
  class space    used 3348K, committed 3584K, reserved 1048576K
}
Event: 8.497 GC heap after
{Heap after GC invocations=10 (full 0):
 garbage-first heap   total 78848K, used 27688K [0x0000000080000000, 0x0000000100000000)
  region size 1024K, 2 young (2048K), 2 survivors (2048K)
 Metaspace       used 32004K, committed 32512K, reserved 1114112K
  class space    used 3348K, committed 3584K, reserved 1048576K
}
Event: 9.056 GC heap before
{Heap before GC invocations=10 (full 0):
 garbage-first heap   total 78848K, used 61480K [0x0000000080000000, 0x0000000100000000)
  region size 1024K, 35 young (35840K), 2 survivors (2048K)
 Metaspace       used 32447K, committed 32832K, reserved 1114112K
  class space    used 3384K, committed 3584K, reserved 1048576K
}
Event: 9.065 GC heap after
{Heap after GC invocations=11 (full 0):
 garbage-first heap   total 95232K, used 28886K [0x0000000080000000, 0x0000000100000000)
  region size 1024K, 4 young (4096K), 4 survivors (4096K)
 Metaspace       used 32447K, committed 32832K, reserved 1114112K
  class space    used 3384K, committed 3584K, reserved 1048576K
}
Event: 9.866 GC heap before
{Heap before GC invocations=11 (full 0):
 garbage-first heap   total 95232K, used 74966K [0x0000000080000000, 0x0000000100000000)
  region size 1024K, 49 young (50176K), 4 survivors (4096K)
 Metaspace       used 33199K, committed 33728K, reserved 1114112K
  class space    used 3443K, committed 3712K, reserved 1048576K
}
Event: 9.880 GC heap after
{Heap after GC invocations=12 (full 0):
 garbage-first heap   total 95232K, used 31589K [0x0000000080000000, 0x0000000100000000)
  region size 1024K, 6 young (6144K), 6 survivors (6144K)
 Metaspace       used 33199K, committed 33728K, reserved 1114112K
  class space    used 3443K, committed 3712K, reserved 1048576K
}
Event: 15.588 GC heap before
{Heap before GC invocations=12 (full 0):
 garbage-first heap   total 95232K, used 53093K [0x0000000080000000, 0x0000000100000000)
  region size 1024K, 28 young (28672K), 6 survivors (6144K)
 Metaspace       used 35483K, committed 35968K, reserved 1114112K
  class space    used 3794K, committed 4032K, reserved 1048576K
}
Event: 15.602 GC heap after
{Heap after GC invocations=13 (full 0):
 garbage-first heap   total 95232K, used 33158K [0x0000000080000000, 0x0000000100000000)
  region size 1024K, 5 young (5120K), 5 survivors (5120K)
 Metaspace       used 35483K, committed 35968K, reserved 1114112K
  class space    used 3794K, committed 4032K, reserved 1048576K
}

