# JRE version: OpenJDK Runtime Environment Temurin-17.0.7+7 (17.0.7+7) (build 17.0.7+7)
# Java VM: OpenJDK 64-Bit Server VM Temurin-17.0.7+7 (17.0.7+7, mixed mode, tiered, compressed oops, compressed class ptrs, g1 gc, windows-amd64)
GC Precious Log:
 CPUs: 4 total, 4 available
 Memory: 8090M
 Large Page Support: Disabled
 NUMA Support: Disabled
 Compressed Oops: Enabled (32-bit)
 Heap Region Size: 1M
 Heap Min Capacity: 8M
 Heap Initial Capacity: 128M
 Heap Max Capacity: 2G
 Pre-touch: Disabled
 Parallel Workers: 4
 Concurrent Workers: 1
 Concurrent Refinement Workers: 4
 Periodic GC: Disabled
Heap:
 garbage-first heap   total 97280K, used 67728K [0x0000000080000000, 0x0000000100000000)
  region size 1024K, 39 young (39936K), 3 survivors (3072K)
 Metaspace       used 41686K, committed 42240K, reserved 1114112K
  class space    used 4626K, committed 4864K, reserved 1048576K
GC Heap History (20 events):
Event: 5.470 GC heap before
{Heap before GC invocations=3 (full 0):
 garbage-first heap   total 131072K, used 89895K [0x0000000080000000, 0x0000000100000000)
  region size 1024K, 75 young (76800K), 2 survivors (2048K)
 Metaspace       used 20322K, committed 20608K, reserved 1114112K
  class space    used 2083K, committed 2240K, reserved 1048576K
}
Event: 5.483 GC heap after
{Heap after GC invocations=4 (full 0):
 garbage-first heap   total 131072K, used 21579K [0x0000000080000000, 0x0000000100000000)
  region size 1024K, 7 young (7168K), 7 survivors (7168K)
 Metaspace       used 20322K, committed 20608K, reserved 1114112K
  class space    used 2083K, committed 2240K, reserved 1048576K
}
Event: 5.952 GC heap before
{Heap before GC invocations=4 (full 0):
 garbage-first heap   total 131072K, used 60491K [0x0000000080000000, 0x0000000100000000)
  region size 1024K, 46 young (47104K), 7 survivors (7168K)
 Metaspace       used 21261K, committed 21504K, reserved 1114112K
  class space    used 2170K, committed 2304K, reserved 1048576K
}
Event: 5.964 GC heap after
{Heap after GC invocations=5 (full 0):
 garbage-first heap   total 131072K, used 21897K [0x0000000080000000, 0x0000000100000000)
  region size 1024K, 1 young (1024K), 1 survivors (1024K)
 Metaspace       used 21261K, committed 21504K, reserved 1114112K
  class space    used 2170K, committed 2304K, reserved 1048576K
}
Event: 7.731 GC heap before
{Heap before GC invocations=6 (full 0):
 garbage-first heap   total 78848K, used 67977K [0x0000000080000000, 0x0000000100000000)
  region size 1024K, 46 young (47104K), 1 survivors (1024K)
 Metaspace       used 28700K, committed 29056K, reserved 1114112K
  class space    used 3031K, committed 3200K, reserved 1048576K
}
Event: 7.744 GC heap after
{Heap after GC invocations=7 (full 0):
 garbage-first heap   total 78848K, used 25164K [0x0000000080000000, 0x0000000100000000)
  region size 1024K, 5 young (5120K), 5 survivors (5120K)
 Metaspace       used 28700K, committed 29056K, reserved 1114112K
  class space    used 3031K, committed 3200K, reserved 1048576K
}
Event: 8.051 GC heap before
{Heap before GC invocations=7 (full 0):
 garbage-first heap   total 78848K, used 57932K [0x0000000080000000, 0x0000000100000000)
  region size 1024K, 35 young (35840K), 5 survivors (5120K)
 Metaspace       used 29904K, committed 30272K, reserved 1114112K
  class space    used 3110K, committed 3264K, reserved 1048576K
}
Event: 8.062 GC heap after
{Heap after GC invocations=8 (full 0):
 garbage-first heap   total 78848K, used 25799K [0x0000000080000000, 0x0000000100000000)
  region size 1024K, 1 young (1024K), 1 survivors (1024K)
 Metaspace       used 29904K, committed 30272K, reserved 1114112K
  class space    used 3110K, committed 3264K, reserved 1048576K
}
Event: 8.491 GC heap before
{Heap before GC invocations=8 (full 0):
 garbage-first heap   total 78848K, used 58567K [0x0000000080000000, 0x0000000100000000)
  region size 1024K, 33 young (33792K), 1 survivors (1024K)
 Metaspace       used 30943K, committed 31296K, reserved 1114112K
  class space    used 3250K, committed 3392K, reserved 1048576K
}
Event: 8.495 GC heap after
{Heap after GC invocations=9 (full 0):
 garbage-first heap   total 78848K, used 26074K [0x0000000080000000, 0x0000000100000000)
  region size 1024K, 1 young (1024K), 1 survivors (1024K)
 Metaspace       used 30943K, committed 31296K, reserved 1114112K
  class space    used 3250K, committed 3392K, reserved 1048576K
}
Event: 8.999 GC heap before
{Heap before GC invocations=9 (full 0):
 garbage-first heap   total 78848K, used 59866K [0x0000000080000000, 0x0000000100000000)
  region size 1024K, 34 young (34816K), 1 survivors (1024K)
 Metaspace       used 32152K, committed 32640K, reserved 1114112K
  class space    used 3361K, committed 3584K, reserved 1048576K
}
Event: 9.006 GC heap after
{Heap after GC invocations=10 (full 0):
 garbage-first heap   total 78848K, used 27364K [0x0000000080000000, 0x0000000100000000)
  region size 1024K, 3 young (3072K), 3 survivors (3072K)
 Metaspace       used 32152K, committed 32640K, reserved 1114112K
  class space    used 3361K, committed 3584K, reserved 1048576K
}
Event: 9.622 GC heap before
{Heap before GC invocations=10 (full 0):
 garbage-first heap   total 78848K, used 60132K [0x0000000080000000, 0x0000000100000000)
  region size 1024K, 35 young (35840K), 3 survivors (3072K)
 Metaspace       used 32524K, committed 32896K, reserved 1114112K
  class space    used 3395K, committed 3584K, reserved 1048576K
}
Event: 9.631 GC heap after
{Heap after GC invocations=11 (full 0):
 garbage-first heap   total 78848K, used 28561K [0x0000000080000000, 0x0000000100000000)
  region size 1024K, 4 young (4096K), 4 survivors (4096K)
 Metaspace       used 32524K, committed 32896K, reserved 1114112K
  class space    used 3395K, committed 3584K, reserved 1048576K
}
Event: 9.948 GC heap before
{Heap before GC invocations=11 (full 0):
 garbage-first heap   total 78848K, used 61329K [0x0000000080000000, 0x0000000100000000)
  region size 1024K, 36 young (36864K), 4 survivors (4096K)
 Metaspace       used 32986K, committed 33472K, reserved 1114112K
  class space    used 3440K, committed 3648K, reserved 1048576K
}
Event: 9.963 GC heap after
{Heap after GC invocations=12 (full 0):
 garbage-first heap   total 78848K, used 30423K [0x0000000080000000, 0x0000000100000000)
  region size 1024K, 5 young (5120K), 5 survivors (5120K)
 Metaspace       used 32986K, committed 33472K, reserved 1114112K
  class space    used 3440K, committed 3648K, reserved 1048576K
}
Event: 11.139 GC heap before
{Heap before GC invocations=12 (full 0):
 garbage-first heap   total 78848K, used 61143K [0x0000000080000000, 0x0000000100000000)
  region size 1024K, 35 young (35840K), 5 survivors (5120K)
 Metaspace       used 34969K, committed 35456K, reserved 1114112K
  class space    used 3739K, committed 3968K, reserved 1048576K
}
Event: 11.155 GC heap after
{Heap after GC invocations=13 (full 0):
 garbage-first heap   total 97280K, used 32454K [0x0000000080000000, 0x0000000100000000)
  region size 1024K, 4 young (4096K), 4 survivors (4096K)
 Metaspace       used 34969K, committed 35456K, reserved 1114112K
  class space    used 3739K, committed 3968K, reserved 1048576K
}
Event: 16.136 GC heap before
{Heap before GC invocations=13 (full 0):
 garbage-first heap   total 97280K, used 34502K [0x0000000080000000, 0x0000000100000000)
  region size 1024K, 7 young (7168K), 4 survivors (4096K)
 Metaspace       used 35500K, committed 35968K, reserved 1114112K
  class space    used 3800K, committed 4032K, reserved 1048576K
}
Event: 16.147 GC heap after
{Heap after GC invocations=14 (full 0):
 garbage-first heap   total 97280K, used 32912K [0x0000000080000000, 0x0000000100000000)
  region size 1024K, 3 young (3072K), 3 survivors (3072K)
 Metaspace       used 35500K, committed 35968K, reserved 1114112K
  class space    used 3800K, committed 4032K, reserved 1048576K
}

