# JRE version: OpenJDK Runtime Environment Temurin-17.0.7+7 (17.0.7+7) (build 17.0.7+7)
# Java VM: OpenJDK 64-Bit Server VM Temurin-17.0.7+7 (17.0.7+7, mixed mode, tiered, compressed oops, compressed class ptrs, g1 gc, windows-amd64)
GC Precious Log:
 CPUs: 4 total, 4 available
 Memory: 8090M
 Large Page Support: Disabled
 NUMA Support: Disabled
 Compressed Oops: Enabled (32-bit)
 Heap Region Size: 1M
 Heap Min Capacity: 8M
 Heap Initial Capacity: 128M
 Heap Max Capacity: 2G
 Pre-touch: Disabled
 Parallel Workers: 4
 Concurrent Workers: 1
 Concurrent Refinement Workers: 4
 Periodic GC: Disabled
Heap:
 garbage-first heap   total 81920K, used 33081K [0x0000000080000000, 0x0000000100000000)
  region size 1024K, 3 young (3072K), 2 survivors (2048K)
 Metaspace       used 35717K, committed 36288K, reserved 1114112K
  class space    used 3818K, committed 4096K, reserved 1048576K
GC Heap History (20 events):
Event: 2.733 GC heap before
{Heap before GC invocations=2 (full 0):
 garbage-first heap   total 131072K, used 29440K [0x0000000080000000, 0x0000000100000000)
  region size 1024K, 17 young (17408K), 2 survivors (2048K)
 Metaspace       used 10613K, committed 10816K, reserved 1114112K
  class space    used 912K, committed 960K, reserved 1048576K
}
Event: 2.737 GC heap after
{Heap after GC invocations=3 (full 0):
 garbage-first heap   total 131072K, used 16712K [0x0000000080000000, 0x0000000100000000)
  region size 1024K, 2 young (2048K), 2 survivors (2048K)
 Metaspace       used 10613K, committed 10816K, reserved 1114112K
  class space    used 912K, committed 960K, reserved 1048576K
}
Event: 5.746 GC heap before
{Heap before GC invocations=3 (full 0):
 garbage-first heap   total 131072K, used 78152K [0x0000000080000000, 0x0000000100000000)
  region size 1024K, 62 young (63488K), 2 survivors (2048K)
 Metaspace       used 20024K, committed 20224K, reserved 1114112K
  class space    used 2051K, committed 2112K, reserved 1048576K
}
Event: 5.760 GC heap after
{Heap after GC invocations=4 (full 0):
 garbage-first heap   total 131072K, used 21760K [0x0000000080000000, 0x0000000100000000)
  region size 1024K, 7 young (7168K), 7 survivors (7168K)
 Metaspace       used 20024K, committed 20224K, reserved 1114112K
  class space    used 2051K, committed 2112K, reserved 1048576K
}
Event: 6.756 GC heap before
{Heap before GC invocations=4 (full 0):
 garbage-first heap   total 131072K, used 72960K [0x0000000080000000, 0x0000000100000000)
  region size 1024K, 58 young (59392K), 7 survivors (7168K)
 Metaspace       used 21275K, committed 21504K, reserved 1114112K
  class space    used 2167K, committed 2304K, reserved 1048576K
}
Event: 6.769 GC heap after
{Heap after GC invocations=5 (full 0):
 garbage-first heap   total 131072K, used 22527K [0x0000000080000000, 0x0000000100000000)
  region size 1024K, 2 young (2048K), 2 survivors (2048K)
 Metaspace       used 21275K, committed 21504K, reserved 1114112K
  class space    used 2167K, committed 2304K, reserved 1048576K
}
Event: 9.112 GC heap before
{Heap before GC invocations=6 (full 0):
 garbage-first heap   total 81920K, used 68607K [0x0000000080000000, 0x0000000100000000)
  region size 1024K, 48 young (49152K), 2 survivors (2048K)
 Metaspace       used 28727K, committed 29056K, reserved 1114112K
  class space    used 3029K, committed 3200K, reserved 1048576K
}
Event: 9.125 GC heap after
{Heap after GC invocations=7 (full 0):
 garbage-first heap   total 81920K, used 25780K [0x0000000080000000, 0x0000000100000000)
  region size 1024K, 5 young (5120K), 5 survivors (5120K)
 Metaspace       used 28727K, committed 29056K, reserved 1114112K
  class space    used 3029K, committed 3200K, reserved 1048576K
}
Event: 9.619 GC heap before
{Heap before GC invocations=7 (full 0):
 garbage-first heap   total 81920K, used 60596K [0x0000000080000000, 0x0000000100000000)
  region size 1024K, 37 young (37888K), 5 survivors (5120K)
 Metaspace       used 29953K, committed 30272K, reserved 1114112K
  class space    used 3112K, committed 3264K, reserved 1048576K
}
Event: 9.632 GC heap after
{Heap after GC invocations=8 (full 0):
 garbage-first heap   total 81920K, used 26730K [0x0000000080000000, 0x0000000100000000)
  region size 1024K, 1 young (1024K), 1 survivors (1024K)
 Metaspace       used 29953K, committed 30272K, reserved 1114112K
  class space    used 3112K, committed 3264K, reserved 1048576K
}
Event: 10.327 GC heap before
{Heap before GC invocations=8 (full 0):
 garbage-first heap   total 81920K, used 61546K [0x0000000080000000, 0x0000000100000000)
  region size 1024K, 35 young (35840K), 1 survivors (1024K)
 Metaspace       used 31190K, committed 31552K, reserved 1114112K
  class space    used 3265K, committed 3456K, reserved 1048576K
}
Event: 10.331 GC heap after
{Heap after GC invocations=9 (full 0):
 garbage-first heap   total 81920K, used 26992K [0x0000000080000000, 0x0000000100000000)
  region size 1024K, 2 young (2048K), 2 survivors (2048K)
 Metaspace       used 31190K, committed 31552K, reserved 1114112K
  class space    used 3265K, committed 3456K, reserved 1048576K
}
Event: 11.253 GC heap before
{Heap before GC invocations=9 (full 0):
 garbage-first heap   total 81920K, used 62832K [0x0000000080000000, 0x0000000100000000)
  region size 1024K, 37 young (37888K), 2 survivors (2048K)
 Metaspace       used 32436K, committed 32832K, reserved 1114112K
  class space    used 3386K, committed 3584K, reserved 1048576K
}
Event: 11.261 GC heap after
{Heap after GC invocations=10 (full 0):
 garbage-first heap   total 81920K, used 28309K [0x0000000080000000, 0x0000000100000000)
  region size 1024K, 3 young (3072K), 3 survivors (3072K)
 Metaspace       used 32436K, committed 32832K, reserved 1114112K
  class space    used 3386K, committed 3584K, reserved 1048576K
}
Event: 11.765 GC heap before
{Heap before GC invocations=10 (full 0):
 garbage-first heap   total 81920K, used 64149K [0x0000000080000000, 0x0000000100000000)
  region size 1024K, 38 young (38912K), 3 survivors (3072K)
 Metaspace       used 32537K, committed 32960K, reserved 1114112K
  class space    used 3393K, committed 3584K, reserved 1048576K
}
Event: 11.773 GC heap after
{Heap after GC invocations=11 (full 0):
 garbage-first heap   total 81920K, used 28989K [0x0000000080000000, 0x0000000100000000)
  region size 1024K, 4 young (4096K), 4 survivors (4096K)
 Metaspace       used 32537K, committed 32960K, reserved 1114112K
  class space    used 3393K, committed 3584K, reserved 1048576K
}
Event: 13.292 GC heap before
{Heap before GC invocations=11 (full 0):
 garbage-first heap   total 81920K, used 64829K [0x0000000080000000, 0x0000000100000000)
  region size 1024K, 39 young (39936K), 4 survivors (4096K)
 Metaspace       used 33782K, committed 34304K, reserved 1114112K
  class space    used 3535K, committed 3776K, reserved 1048576K
}
Event: 13.307 GC heap after
{Heap after GC invocations=12 (full 0):
 garbage-first heap   total 81920K, used 31875K [0x0000000080000000, 0x0000000100000000)
  region size 1024K, 5 young (5120K), 5 survivors (5120K)
 Metaspace       used 33782K, committed 34304K, reserved 1114112K
  class space    used 3535K, committed 3776K, reserved 1048576K
}
Event: 19.389 GC heap before
{Heap before GC invocations=12 (full 0):
 garbage-first heap   total 81920K, used 48259K [0x0000000080000000, 0x0000000100000000)
  region size 1024K, 22 young (22528K), 5 survivors (5120K)
 Metaspace       used 35630K, committed 36096K, reserved 1114112K
  class space    used 3808K, committed 4032K, reserved 1048576K
}
Event: 19.400 GC heap after
{Heap after GC invocations=13 (full 0):
 garbage-first heap   total 81920K, used 33081K [0x0000000080000000, 0x0000000100000000)
  region size 1024K, 2 young (2048K), 2 survivors (2048K)
 Metaspace       used 35630K, committed 36096K, reserved 1114112K
  class space    used 3808K, committed 4032K, reserved 1048576K
}

