# JRE version: OpenJDK Runtime Environment Temurin-17.0.7+7 (17.0.7+7) (build 17.0.7+7)
# Java VM: OpenJDK 64-Bit Server VM Temurin-17.0.7+7 (17.0.7+7, mixed mode, tiered, compressed oops, compressed class ptrs, g1 gc, windows-amd64)
GC Precious Log:
 CPUs: 4 total, 4 available
 Memory: 8090M
 Large Page Support: Disabled
 NUMA Support: Disabled
 Compressed Oops: Enabled (32-bit)
 Heap Region Size: 1M
 Heap Min Capacity: 8M
 Heap Initial Capacity: 128M
 Heap Max Capacity: 2G
 Pre-touch: Disabled
 Parallel Workers: 4
 Concurrent Workers: 1
 Concurrent Refinement Workers: 4
 Periodic GC: Disabled
Heap:
 garbage-first heap   total 95232K, used 72035K [0x0000000080000000, 0x0000000100000000)
  region size 1024K, 43 young (44032K), 5 survivors (5120K)
 Metaspace       used 42173K, committed 42688K, reserved 1114112K
  class space    used 4666K, committed 4928K, reserved 1048576K
GC Heap History (20 events):
Event: 5.782 GC heap before
{Heap before GC invocations=3 (full 0):
 garbage-first heap   total 131072K, used 91466K [0x0000000080000000, 0x0000000100000000)
  region size 1024K, 75 young (76800K), 2 survivors (2048K)
 Metaspace       used 20351K, committed 20672K, reserved 1114112K
  class space    used 2081K, committed 2240K, reserved 1048576K
}
Event: 5.797 GC heap after
{Heap after GC invocations=4 (full 0):
 garbage-first heap   total 131072K, used 22130K [0x0000000080000000, 0x0000000100000000)
  region size 1024K, 7 young (7168K), 7 survivors (7168K)
 Metaspace       used 20351K, committed 20672K, reserved 1114112K
  class space    used 2081K, committed 2240K, reserved 1048576K
}
Event: 6.390 GC heap before
{Heap before GC invocations=4 (full 0):
 garbage-first heap   total 131072K, used 61042K [0x0000000080000000, 0x0000000100000000)
  region size 1024K, 46 young (47104K), 7 survivors (7168K)
 Metaspace       used 21279K, committed 21504K, reserved 1114112K
  class space    used 2168K, committed 2304K, reserved 1048576K
}
Event: 6.404 GC heap after
{Heap after GC invocations=5 (full 0):
 garbage-first heap   total 131072K, used 22364K [0x0000000080000000, 0x0000000100000000)
  region size 1024K, 1 young (1024K), 1 survivors (1024K)
 Metaspace       used 21279K, committed 21504K, reserved 1114112K
  class space    used 2168K, committed 2304K, reserved 1048576K
}
Event: 8.644 GC heap before
{Heap before GC invocations=6 (full 0):
 garbage-first heap   total 78848K, used 68444K [0x0000000080000000, 0x0000000100000000)
  region size 1024K, 46 young (47104K), 1 survivors (1024K)
 Metaspace       used 28733K, committed 29056K, reserved 1114112K
  class space    used 3027K, committed 3200K, reserved 1048576K
}
Event: 8.659 GC heap after
{Heap after GC invocations=7 (full 0):
 garbage-first heap   total 78848K, used 25629K [0x0000000080000000, 0x0000000100000000)
  region size 1024K, 5 young (5120K), 5 survivors (5120K)
 Metaspace       used 28733K, committed 29056K, reserved 1114112K
  class space    used 3027K, committed 3200K, reserved 1048576K
}
Event: 9.048 GC heap before
{Heap before GC invocations=7 (full 0):
 garbage-first heap   total 78848K, used 59421K [0x0000000080000000, 0x0000000100000000)
  region size 1024K, 35 young (35840K), 5 survivors (5120K)
 Metaspace       used 29954K, committed 30272K, reserved 1114112K
  class space    used 3109K, committed 3264K, reserved 1048576K
}
Event: 9.063 GC heap after
{Heap after GC invocations=8 (full 0):
 garbage-first heap   total 78848K, used 26600K [0x0000000080000000, 0x0000000100000000)
  region size 1024K, 1 young (1024K), 1 survivors (1024K)
 Metaspace       used 29954K, committed 30272K, reserved 1114112K
  class space    used 3109K, committed 3264K, reserved 1048576K
}
Event: 9.571 GC heap before
{Heap before GC invocations=8 (full 0):
 garbage-first heap   total 78848K, used 59368K [0x0000000080000000, 0x0000000100000000)
  region size 1024K, 33 young (33792K), 1 survivors (1024K)
 Metaspace       used 31175K, committed 31552K, reserved 1114112K
  class space    used 3263K, committed 3456K, reserved 1048576K
}
Event: 9.575 GC heap after
{Heap after GC invocations=9 (full 0):
 garbage-first heap   total 78848K, used 26569K [0x0000000080000000, 0x0000000100000000)
  region size 1024K, 1 young (1024K), 1 survivors (1024K)
 Metaspace       used 31175K, committed 31552K, reserved 1114112K
  class space    used 3263K, committed 3456K, reserved 1048576K
}
Event: 9.938 GC heap before
{Heap before GC invocations=9 (full 0):
 garbage-first heap   total 78848K, used 60361K [0x0000000080000000, 0x0000000100000000)
  region size 1024K, 34 young (34816K), 1 survivors (1024K)
 Metaspace       used 31927K, committed 32384K, reserved 1114112K
  class space    used 3331K, committed 3520K, reserved 1048576K
}
Event: 9.943 GC heap after
{Heap after GC invocations=10 (full 0):
 garbage-first heap   total 78848K, used 27637K [0x0000000080000000, 0x0000000100000000)
  region size 1024K, 2 young (2048K), 2 survivors (2048K)
 Metaspace       used 31927K, committed 32384K, reserved 1114112K
  class space    used 3331K, committed 3520K, reserved 1048576K
}
Event: 10.778 GC heap before
{Heap before GC invocations=10 (full 0):
 garbage-first heap   total 78848K, used 61429K [0x0000000080000000, 0x0000000100000000)
  region size 1024K, 35 young (35840K), 2 survivors (2048K)
 Metaspace       used 32515K, committed 32896K, reserved 1114112K
  class space    used 3390K, committed 3584K, reserved 1048576K
}
Event: 10.786 GC heap after
{Heap after GC invocations=11 (full 0):
 garbage-first heap   total 78848K, used 29005K [0x0000000080000000, 0x0000000100000000)
  region size 1024K, 4 young (4096K), 4 survivors (4096K)
 Metaspace       used 32515K, committed 32896K, reserved 1114112K
  class space    used 3390K, committed 3584K, reserved 1048576K
}
Event: 11.559 GC heap before
{Heap before GC invocations=11 (full 0):
 garbage-first heap   total 78848K, used 61773K [0x0000000080000000, 0x0000000100000000)
  region size 1024K, 36 young (36864K), 4 survivors (4096K)
 Metaspace       used 32695K, committed 33088K, reserved 1114112K
  class space    used 3397K, committed 3584K, reserved 1048576K
}
Event: 11.569 GC heap after
{Heap after GC invocations=12 (full 0):
 garbage-first heap   total 78848K, used 30215K [0x0000000080000000, 0x0000000100000000)
  region size 1024K, 4 young (4096K), 4 survivors (4096K)
 Metaspace       used 32695K, committed 33088K, reserved 1114112K
  class space    used 3397K, committed 3584K, reserved 1048576K
}
Event: 12.013 GC heap before
{Heap before GC invocations=12 (full 0):
 garbage-first heap   total 78848K, used 62983K [0x0000000080000000, 0x0000000100000000)
  region size 1024K, 36 young (36864K), 4 survivors (4096K)
 Metaspace       used 33025K, committed 33472K, reserved 1114112K
  class space    used 3430K, committed 3648K, reserved 1048576K
}
Event: 12.024 GC heap after
{Heap after GC invocations=13 (full 0):
 garbage-first heap   total 95232K, used 32008K [0x0000000080000000, 0x0000000100000000)
  region size 1024K, 5 young (5120K), 5 survivors (5120K)
 Metaspace       used 33025K, committed 33472K, reserved 1114112K
  class space    used 3430K, committed 3648K, reserved 1048576K
}
Event: 18.856 GC heap before
{Heap before GC invocations=13 (full 0):
 garbage-first heap   total 95232K, used 70920K [0x0000000080000000, 0x0000000100000000)
  region size 1024K, 44 young (45056K), 5 survivors (5120K)
 Metaspace       used 35624K, committed 36096K, reserved 1114112K
  class space    used 3793K, committed 4032K, reserved 1048576K
}
Event: 18.873 GC heap after
{Heap after GC invocations=14 (full 0):
 garbage-first heap   total 95232K, used 34147K [0x0000000080000000, 0x0000000100000000)
  region size 1024K, 5 young (5120K), 5 survivors (5120K)
 Metaspace       used 35624K, committed 36096K, reserved 1114112K
  class space    used 3793K, committed 4032K, reserved 1048576K
}

