# JRE version: OpenJDK Runtime Environment Temurin-17.0.7+7 (17.0.7+7) (build 17.0.7+7)
# Java VM: OpenJDK 64-Bit Server VM Temurin-17.0.7+7 (17.0.7+7, mixed mode, tiered, compressed oops, compressed class ptrs, g1 gc, windows-amd64)
GC Precious Log:
 CPUs: 4 total, 4 available
 Memory: 8090M
 Large Page Support: Disabled
 NUMA Support: Disabled
 Compressed Oops: Enabled (32-bit)
 Heap Region Size: 1M
 Heap Min Capacity: 8M
 Heap Initial Capacity: 128M
 Heap Max Capacity: 2G
 Pre-touch: Disabled
 Parallel Workers: 4
 Concurrent Workers: 1
 Concurrent Refinement Workers: 4
 Periodic GC: Disabled
Heap:
 garbage-first heap   total 81920K, used 34428K [0x0000000080000000, 0x0000000100000000)
  region size 1024K, 4 young (4096K), 2 survivors (2048K)
 Metaspace       used 35705K, committed 36224K, reserved 1114112K
  class space    used 3805K, committed 4032K, reserved 1048576K
GC Heap History (20 events):
Event: 2.507 GC heap before
{Heap before GC invocations=2 (full 0):
 garbage-first heap   total 131072K, used 29373K [0x0000000080000000, 0x0000000100000000)
  region size 1024K, 17 young (17408K), 2 survivors (2048K)
 Metaspace       used 10583K, committed 10688K, reserved 1114112K
  class space    used 910K, committed 960K, reserved 1048576K
}
Event: 2.512 GC heap after
{Heap after GC invocations=3 (full 0):
 garbage-first heap   total 131072K, used 16625K [0x0000000080000000, 0x0000000100000000)
  region size 1024K, 2 young (2048K), 2 survivors (2048K)
 Metaspace       used 10583K, committed 10688K, reserved 1114112K
  class space    used 910K, committed 960K, reserved 1048576K
}
Event: 5.699 GC heap before
{Heap before GC invocations=3 (full 0):
 garbage-first heap   total 131072K, used 83185K [0x0000000080000000, 0x0000000100000000)
  region size 1024K, 67 young (68608K), 2 survivors (2048K)
 Metaspace       used 20059K, committed 20224K, reserved 1114112K
  class space    used 2051K, committed 2112K, reserved 1048576K
}
Event: 5.713 GC heap after
{Heap after GC invocations=4 (full 0):
 garbage-first heap   total 131072K, used 21912K [0x0000000080000000, 0x0000000100000000)
  region size 1024K, 7 young (7168K), 7 survivors (7168K)
 Metaspace       used 20059K, committed 20224K, reserved 1114112K
  class space    used 2051K, committed 2112K, reserved 1048576K
}
Event: 6.501 GC heap before
{Heap before GC invocations=4 (full 0):
 garbage-first heap   total 131072K, used 67992K [0x0000000080000000, 0x0000000100000000)
  region size 1024K, 53 young (54272K), 7 survivors (7168K)
 Metaspace       used 21281K, committed 21504K, reserved 1114112K
  class space    used 2169K, committed 2304K, reserved 1048576K
}
Event: 6.514 GC heap after
{Heap after GC invocations=5 (full 0):
 garbage-first heap   total 131072K, used 22545K [0x0000000080000000, 0x0000000100000000)
  region size 1024K, 2 young (2048K), 2 survivors (2048K)
 Metaspace       used 21281K, committed 21504K, reserved 1114112K
  class space    used 2169K, committed 2304K, reserved 1048576K
}
Event: 8.799 GC heap before
{Heap before GC invocations=6 (full 0):
 garbage-first heap   total 81920K, used 69649K [0x0000000080000000, 0x0000000100000000)
  region size 1024K, 48 young (49152K), 2 survivors (2048K)
 Metaspace       used 28739K, committed 29120K, reserved 1114112K
  class space    used 3029K, committed 3200K, reserved 1048576K
}
Event: 8.812 GC heap after
{Heap after GC invocations=7 (full 0):
 garbage-first heap   total 81920K, used 25626K [0x0000000080000000, 0x0000000100000000)
  region size 1024K, 5 young (5120K), 5 survivors (5120K)
 Metaspace       used 28739K, committed 29120K, reserved 1114112K
  class space    used 3029K, committed 3200K, reserved 1048576K
}
Event: 9.294 GC heap before
{Heap before GC invocations=7 (full 0):
 garbage-first heap   total 81920K, used 61466K [0x0000000080000000, 0x0000000100000000)
  region size 1024K, 38 young (38912K), 5 survivors (5120K)
 Metaspace       used 29966K, committed 30272K, reserved 1114112K
  class space    used 3112K, committed 3264K, reserved 1048576K
}
Event: 9.308 GC heap after
{Heap after GC invocations=8 (full 0):
 garbage-first heap   total 81920K, used 26331K [0x0000000080000000, 0x0000000100000000)
  region size 1024K, 1 young (1024K), 1 survivors (1024K)
 Metaspace       used 29966K, committed 30272K, reserved 1114112K
  class space    used 3112K, committed 3264K, reserved 1048576K
}
Event: 9.925 GC heap before
{Heap before GC invocations=8 (full 0):
 garbage-first heap   total 81920K, used 61147K [0x0000000080000000, 0x0000000100000000)
  region size 1024K, 35 young (35840K), 1 survivors (1024K)
 Metaspace       used 31198K, committed 31616K, reserved 1114112K
  class space    used 3265K, committed 3456K, reserved 1048576K
}
Event: 9.930 GC heap after
{Heap after GC invocations=9 (full 0):
 garbage-first heap   total 81920K, used 26901K [0x0000000080000000, 0x0000000100000000)
  region size 1024K, 2 young (2048K), 2 survivors (2048K)
 Metaspace       used 31198K, committed 31616K, reserved 1114112K
  class space    used 3265K, committed 3456K, reserved 1048576K
}
Event: 10.810 GC heap before
{Heap before GC invocations=9 (full 0):
 garbage-first heap   total 81920K, used 62741K [0x0000000080000000, 0x0000000100000000)
  region size 1024K, 37 young (37888K), 2 survivors (2048K)
 Metaspace       used 32360K, committed 32832K, reserved 1114112K
  class space    used 3378K, committed 3584K, reserved 1048576K
}
Event: 10.817 GC heap after
{Heap after GC invocations=10 (full 0):
 garbage-first heap   total 81920K, used 28012K [0x0000000080000000, 0x0000000100000000)
  region size 1024K, 3 young (3072K), 3 survivors (3072K)
 Metaspace       used 32360K, committed 32832K, reserved 1114112K
  class space    used 3378K, committed 3584K, reserved 1048576K
}
Event: 11.246 GC heap before
{Heap before GC invocations=10 (full 0):
 garbage-first heap   total 81920K, used 63852K [0x0000000080000000, 0x0000000100000000)
  region size 1024K, 38 young (38912K), 3 survivors (3072K)
 Metaspace       used 32435K, committed 32832K, reserved 1114112K
  class space    used 3378K, committed 3584K, reserved 1048576K
}
Event: 11.254 GC heap after
{Heap after GC invocations=11 (full 0):
 garbage-first heap   total 81920K, used 28894K [0x0000000080000000, 0x0000000100000000)
  region size 1024K, 4 young (4096K), 4 survivors (4096K)
 Metaspace       used 32435K, committed 32832K, reserved 1114112K
  class space    used 3378K, committed 3584K, reserved 1048576K
}
Event: 12.538 GC heap before
{Heap before GC invocations=11 (full 0):
 garbage-first heap   total 81920K, used 64734K [0x0000000080000000, 0x0000000100000000)
  region size 1024K, 39 young (39936K), 4 survivors (4096K)
 Metaspace       used 33289K, committed 33856K, reserved 1114112K
  class space    used 3452K, committed 3712K, reserved 1048576K
}
Event: 12.553 GC heap after
{Heap after GC invocations=12 (full 0):
 garbage-first heap   total 81920K, used 31700K [0x0000000080000000, 0x0000000100000000)
  region size 1024K, 5 young (5120K), 5 survivors (5120K)
 Metaspace       used 33289K, committed 33856K, reserved 1114112K
  class space    used 3452K, committed 3712K, reserved 1048576K
}
Event: 18.939 GC heap before
{Heap before GC invocations=12 (full 0):
 garbage-first heap   total 81920K, used 52180K [0x0000000080000000, 0x0000000100000000)
  region size 1024K, 26 young (26624K), 5 survivors (5120K)
 Metaspace       used 35446K, committed 35968K, reserved 1114112K
  class space    used 3785K, committed 4032K, reserved 1048576K
}
Event: 18.958 GC heap after
{Heap after GC invocations=13 (full 0):
 garbage-first heap   total 81920K, used 33404K [0x0000000080000000, 0x0000000100000000)
  region size 1024K, 2 young (2048K), 2 survivors (2048K)
 Metaspace       used 35446K, committed 35968K, reserved 1114112K
  class space    used 3785K, committed 4032K, reserved 1048576K
}

